{
  message: '[18:32:28.704] PLAYER TAGGED - deviceId: abc12345, Event: {"tag_id":"3","image_ids":["test_1758997948681_y8xo8ghpl"],"event_type":"PlayerTagged"}',
  level: 'info',
  service: 'typescript-server',
  timestamp: '2025-09-27 19:32:28'
}
{
  message: '[18:32:28.704] Event received successfully:\n' +
    '    Type: PlayerTagged\n' +
    '    deviceId: abc12345\n' +
    '    Parsed Data: {"tag_id":"3","image_ids":["test_1758997948681_y8xo8ghpl"],"event_type":"PlayerTagged"}',
  level: 'info',
  service: 'typescript-server',
  timestamp: '2025-09-27 19:32:28'
}
{
  message: '127.0.0.1 - - [27/Sep/2025:18:32:28 +0000] "POST /api/v1/events HTTP/1.1" 200 118 "http://localhost:3001/" "Mozilla/5.0 (Windows NT 10.0; Win64; x64) AppleWebKit/537.36 (KHTML, like Gecko) Chrome/140.0.0.0 Safari/537.36 Edg/140.0.0.0"',
  level: 'info',
  service: 'typescript-server',
  timestamp: '2025-09-27 19:32:28'
}
{
  service: 'typescript-server',
  statusCode: 200,
  duration: '1ms',
  ip: '127.0.0.1',
  userAgent: 'Mozilla/5.0 (Windows NT 10.0; Win64; x64) AppleWebKit/537.36 (KHTML, like Gecko) Chrome/140.0.0.0 Safari/537.36 Edg/140.0.0.0',
  level: 'info',
  message: 'POST /api/v1/events',
  timestamp: '2025-09-27 19:32:28'
}
{
  message: '[18:33:56.999] PLAYER TAGGED - deviceId: abc12345, Event: {"tag_id":"3","image_ids":["test_1758998036957_45n8hcfjk"],"event_type":"PlayerTagged"}',
  level: 'info',
  service: 'typescript-server',
  timestamp: '2025-09-27 19:33:56'
}
{
  message: '[18:33:56.999] Event received successfully:\n' +
    '    Type: PlayerTagged\n' +
    '    deviceId: abc12345\n' +
    '    Parsed Data: {"tag_id":"3","image_ids":["test_1758998036957_45n8hcfjk"],"event_type":"PlayerTagged"}',
  level: 'info',
  service: 'typescript-server',
  timestamp: '2025-09-27 19:33:57'
}
{
  message: '127.0.0.1 - - [27/Sep/2025:18:33:57 +0000] "POST /api/v1/events HTTP/1.1" 200 118 "http://localhost:3001/" "Mozilla/5.0 (Windows NT 10.0; Win64; x64) AppleWebKit/537.36 (KHTML, like Gecko) Chrome/140.0.0.0 Safari/537.36 Edg/140.0.0.0"',
  level: 'info',
  service: 'typescript-server',
  timestamp: '2025-09-27 19:33:57'
}
{
  service: 'typescript-server',
  statusCode: 200,
  duration: '4ms',
  ip: '127.0.0.1',
  userAgent: 'Mozilla/5.0 (Windows NT 10.0; Win64; x64) AppleWebKit/537.36 (KHTML, like Gecko) Chrome/140.0.0.0 Safari/537.36 Edg/140.0.0.0',
  level: 'info',
  message: 'POST /api/v1/events',
  timestamp: '2025-09-27 19:33:57'
}
{
  message: '[18:33:57.211] PLAYER TAGGED - deviceId: abc12345, Event: {"tag_id":"3","image_ids":["test_1758998037187_lvkowubli"],"event_type":"PlayerTagged"}',
  level: 'info',
  service: 'typescript-server',
  timestamp: '2025-09-27 19:33:57'
}
{
  message: '[18:33:57.211] Event received successfully:\n' +
    '    Type: PlayerTagged\n' +
    '    deviceId: abc12345\n' +
    '    Parsed Data: {"tag_id":"3","image_ids":["test_1758998037187_lvkowubli"],"event_type":"PlayerTagged"}',
  level: 'info',
  service: 'typescript-server',
  timestamp: '2025-09-27 19:33:57'
}
{
  message: '127.0.0.1 - - [27/Sep/2025:18:33:57 +0000] "POST /api/v1/events HTTP/1.1" 200 118 "http://localhost:3001/" "Mozilla/5.0 (Windows NT 10.0; Win64; x64) AppleWebKit/537.36 (KHTML, like Gecko) Chrome/140.0.0.0 Safari/537.36 Edg/140.0.0.0"',
  level: 'info',
  service: 'typescript-server',
  timestamp: '2025-09-27 19:33:57'
}
{
  service: 'typescript-server',
  statusCode: 200,
  duration: '1ms',
  ip: '127.0.0.1',
  userAgent: 'Mozilla/5.0 (Windows NT 10.0; Win64; x64) AppleWebKit/537.36 (KHTML, like Gecko) Chrome/140.0.0.0 Safari/537.36 Edg/140.0.0.0',
  level: 'info',
  message: 'POST /api/v1/events',
  timestamp: '2025-09-27 19:33:57'
}
{
  message: '[18:34:13.224] KILLSHOT REQUEST - deviceId: abc12345, Event: {"event_type":"ReqKillScreen"}',
  level: 'info',
  service: 'typescript-server',
  timestamp: '2025-09-27 19:34:13'
}
{
  message: '[18:34:13.224] KILLSCREEN REQUEST - deviceId: abc12345',
  level: 'info',
  service: 'typescript-server',
  timestamp: '2025-09-27 19:34:13'
}
{
  message: '[18:34:13.224] Attempting to retrieve 1 images: test_1758997948543_cowsrmrhr',
  level: 'info',
  service: 'typescript-server',
  timestamp: '2025-09-27 19:34:13'
}
{
  message: '[18:34:13.224] Killscreen response sent - 1 images for device: abc12345',
  level: 'info',
  service: 'typescript-server',
  timestamp: '2025-09-27 19:34:13'
}
{
  message: '192.168.56.1 - - [27/Sep/2025:18:34:13 +0000] "POST /api/v1/events HTTP/1.1" 200 747 "-" "python-requests/2.32.4"',
  level: 'info',
  service: 'typescript-server',
  timestamp: '2025-09-27 19:34:13'
}
{
  service: 'typescript-server',
  statusCode: 200,
  duration: '2ms',
  ip: '192.168.56.1',
  userAgent: 'python-requests/2.32.4',
  level: 'info',
  message: 'POST /api/v1/events',
  timestamp: '2025-09-27 19:34:13'
}
{
  message: '[18:35:52.819] KILLSHOT REQUEST - deviceId: abc12345, Event: {"event_type":"ReqKillScreen"}',
  level: 'info',
  service: 'typescript-server',
  timestamp: '2025-09-27 19:35:52'
}
{
  message: '[18:35:52.819] KILLSCREEN REQUEST - deviceId: abc12345',
  level: 'info',
  service: 'typescript-server',
  timestamp: '2025-09-27 19:35:52'
}
{
  message: '[18:35:52.819] Attempting to retrieve 1 images: test_1758997948543_cowsrmrhr',
  level: 'info',
  service: 'typescript-server',
  timestamp: '2025-09-27 19:35:52'
}
{
  message: '[18:35:52.819] Killscreen response sent - 1 images for device: abc12345',
  level: 'info',
  service: 'typescript-server',
  timestamp: '2025-09-27 19:35:52'
}
{
  message: '192.168.56.1 - - [27/Sep/2025:18:35:52 +0000] "POST /api/v1/events HTTP/1.1" 200 747 "-" "python-requests/2.32.4"',
  level: 'info',
  service: 'typescript-server',
  timestamp: '2025-09-27 19:35:52'
}
{
  service: 'typescript-server',
  statusCode: 200,
  duration: '3ms',
  ip: '192.168.56.1',
  userAgent: 'python-requests/2.32.4',
  level: 'info',
  message: 'POST /api/v1/events',
  timestamp: '2025-09-27 19:35:52'
}
{
  message: '[18:40:55.107] KILLSHOT REQUEST - deviceId: abc12345, Event: {"event_type":"ReqKillScreen"}',
  level: 'info',
  service: 'typescript-server',
  timestamp: '2025-09-27 19:40:55'
}
{
  message: '[18:40:55.107] KILLSCREEN REQUEST - deviceId: abc12345',
  level: 'info',
  service: 'typescript-server',
  timestamp: '2025-09-27 19:40:55'
}
{
  message: '[18:40:55.107] Attempting to retrieve 1 images: test_1758997948543_cowsrmrhr',
  level: 'info',
  service: 'typescript-server',
  timestamp: '2025-09-27 19:40:55'
}
{
  message: '[18:40:55.107] Killscreen response sent - 1 images for device: abc12345',
  level: 'info',
  service: 'typescript-server',
  timestamp: '2025-09-27 19:40:55'
}
{
  message: '192.168.56.1 - - [27/Sep/2025:18:40:55 +0000] "POST /api/v1/events HTTP/1.1" 200 747 "-" "python-requests/2.32.4"',
  level: 'info',
  service: 'typescript-server',
  timestamp: '2025-09-27 19:40:55'
}
{
  service: 'typescript-server',
  statusCode: 200,
  duration: '4ms',
  ip: '192.168.56.1',
  userAgent: 'python-requests/2.32.4',
  level: 'info',
  message: 'POST /api/v1/events',
  timestamp: '2025-09-27 19:40:55'
}
{
  message: '[18:45:03.575] 🔄 RESET REQUEST - Clearing all game state and images',
  level: 'info',
  service: 'typescript-server',
  timestamp: '2025-09-27 19:45:03'
}
{
  message: '🧹 Cleaning up 11 image files from uploads directory',
  level: 'info',
  service: 'typescript-server',
  timestamp: '2025-09-27 19:45:03'
}
{
  message: '✅ Cleanup complete: 11 files deleted, 0 errors',
  level: 'info',
  service: 'typescript-server',
  timestamp: '2025-09-27 19:45:03'
}
{
  message: '[18:45:03.575] ✅ RESET COMPLETE - Cleared 0 players, 11 images',
  level: 'info',
  service: 'typescript-server',
  timestamp: '2025-09-27 19:45:03'
}
{
  message: '127.0.0.1 - - [27/Sep/2025:18:45:03 +0000] "POST /api/v1/reset HTTP/1.1" 200 162 "http://localhost:3001/" "Mozilla/5.0 (Windows NT 10.0; Win64; x64) AppleWebKit/537.36 (KHTML, like Gecko) Chrome/140.0.0.0 Safari/537.36 Edg/140.0.0.0"',
  level: 'info',
  service: 'typescript-server',
  timestamp: '2025-09-27 19:45:03'
}
{
  service: 'typescript-server',
  statusCode: 200,
  duration: '26ms',
  ip: '127.0.0.1',
  userAgent: 'Mozilla/5.0 (Windows NT 10.0; Win64; x64) AppleWebKit/537.36 (KHTML, like Gecko) Chrome/140.0.0.0 Safari/537.36 Edg/140.0.0.0',
  level: 'info',
  message: 'POST /api/v1/reset',
  timestamp: '2025-09-27 19:45:03'
}
{
  message: '[18:45:04.349] 🔄 RESET REQUEST - Clearing all game state and images',
  level: 'info',
  service: 'typescript-server',
  timestamp: '2025-09-27 19:45:04'
}
{
  message: '🧹 Cleaning up 0 image files from uploads directory',
  level: 'info',
  service: 'typescript-server',
  timestamp: '2025-09-27 19:45:04'
}
{
  message: '✅ Cleanup complete: 0 files deleted, 0 errors',
  level: 'info',
  service: 'typescript-server',
  timestamp: '2025-09-27 19:45:04'
}
{
  message: '[18:45:04.349] ✅ RESET COMPLETE - Cleared 0 players, 0 images',
  level: 'info',
  service: 'typescript-server',
  timestamp: '2025-09-27 19:45:04'
}
{
  message: '127.0.0.1 - - [27/Sep/2025:18:45:04 +0000] "POST /api/v1/reset HTTP/1.1" 200 161 "http://localhost:3001/" "Mozilla/5.0 (Windows NT 10.0; Win64; x64) AppleWebKit/537.36 (KHTML, like Gecko) Chrome/140.0.0.0 Safari/537.36 Edg/140.0.0.0"',
  level: 'info',
  service: 'typescript-server',
  timestamp: '2025-09-27 19:45:04'
}
{
  service: 'typescript-server',
  statusCode: 200,
  duration: '3ms',
  ip: '127.0.0.1',
  userAgent: 'Mozilla/5.0 (Windows NT 10.0; Win64; x64) AppleWebKit/537.36 (KHTML, like Gecko) Chrome/140.0.0.0 Safari/537.36 Edg/140.0.0.0',
  level: 'info',
  message: 'POST /api/v1/reset',
  timestamp: '2025-09-27 19:45:04'
}
{
  message: 'Background thread stopped',
  level: 'info',
  service: 'typescript-server',
  timestamp: '2025-09-27 19:45:14'
}
{
  message: 'SIGINT received, shutting down gracefully',
  level: 'info',
  service: 'typescript-server',
  timestamp: '2025-09-27 19:45:14'
}
{
  message: 'Background thread started (500ms interval)',
  level: 'info',
  service: 'typescript-server',
  timestamp: '2025-09-27 19:45:24'
}
{
  service: 'typescript-server',
  environment: 'development',
  host: '0.0.0.0',
  port: 8080,
  level: 'info',
  message: 'Server running on 0.0.0.0:8080',
  timestamp: '2025-09-27 19:45:24'
}
{
  message: '🧹 Cleaning up 0 image files from uploads directory',
  level: 'info',
  service: 'typescript-server',
  timestamp: '2025-09-27 19:45:24'
}
{
  message: '✅ Cleanup complete: 0 files deleted, 0 errors',
  level: 'info',
  service: 'typescript-server',
  timestamp: '2025-09-27 19:45:24'
}
{
  message: 'Server closed',
  level: 'info',
  service: 'typescript-server',
  timestamp: '2025-09-27 19:45:34'
}
{
  message: 'Created new player: abc12345 with display_name: PretendFriend',
  level: 'info',
  service: 'typescript-server',
  timestamp: '2025-09-27 19:45:42'
}
{
  message: 'HEALING: abc12345 (PretendFriend) 50 -> 51',
  level: 'info',
  service: 'typescript-server',
  timestamp: '2025-09-27 19:45:45'
}
{
  message: '[18:45:49.851] PLAYER TAGGED - deviceId: abc12345, Event: {"tag_id":"12345","image_ids":["LIDvdbSxRLulbLID"],"event_type":"PlayerTagged"}',
  level: 'info',
  service: 'typescript-server',
  timestamp: '2025-09-27 19:45:49'
}
{
  message: 'Tag ID not found: 12345',
  level: 'warn',
  service: 'typescript-server',
  timestamp: '2025-09-27 19:45:49'
}
{
  message: '[18:45:49.851] Event received successfully:\n' +
    '    Type: PlayerTagged\n' +
    '    deviceId: abc12345\n' +
    '    Parsed Data: {"tag_id":"12345","image_ids":["LIDvdbSxRLulbLID"],"event_type":"PlayerTagged"}',
  level: 'info',
  service: 'typescript-server',
  timestamp: '2025-09-27 19:45:49'
}
{
  message: '192.168.56.1 - - [27/Sep/2025:18:45:49 +0000] "POST /api/v1/events HTTP/1.1" 200 118 "-" "python-requests/2.32.4"',
  level: 'info',
  service: 'typescript-server',
  timestamp: '2025-09-27 19:45:49'
}
{
  service: 'typescript-server',
  statusCode: 200,
  duration: '3ms',
  ip: '192.168.56.1',
  userAgent: 'python-requests/2.32.4',
  level: 'info',
  message: 'POST /api/v1/events',
  timestamp: '2025-09-27 19:45:49'
}
{
  message: '[18:45:49.858] PLAYER TAGGED - deviceId: abc12345, Event: {"tag_id":"12345","image_ids":["LIDttGywGwfMNLID"],"event_type":"PlayerTagged"}',
  level: 'info',
  service: 'typescript-server',
  timestamp: '2025-09-27 19:45:49'
}
{
  message: 'Tag ID not found: 12345',
  level: 'warn',
  service: 'typescript-server',
  timestamp: '2025-09-27 19:45:49'
}
{
  message: '[18:45:49.858] Event received successfully:\n' +
    '    Type: PlayerTagged\n' +
    '    deviceId: abc12345\n' +
    '    Parsed Data: {"tag_id":"12345","image_ids":["LIDttGywGwfMNLID"],"event_type":"PlayerTagged"}',
  level: 'info',
  service: 'typescript-server',
  timestamp: '2025-09-27 19:45:49'
}
{
  message: '192.168.56.1 - - [27/Sep/2025:18:45:49 +0000] "POST /api/v1/events HTTP/1.1" 200 118 "-" "python-requests/2.32.4"',
  level: 'info',
  service: 'typescript-server',
  timestamp: '2025-09-27 19:45:49'
}
{
  service: 'typescript-server',
  statusCode: 200,
  duration: '2ms',
  ip: '192.168.56.1',
  userAgent: 'python-requests/2.32.4',
  level: 'info',
  message: 'POST /api/v1/events',
  timestamp: '2025-09-27 19:45:49'
}
{
  message: '[18:45:50.000] PLAYER TAGGED - deviceId: abc12345, Event: {"tag_id":"12345","image_ids":["LID4mcPLQZs71LID"],"event_type":"PlayerTagged"}',
  level: 'info',
  service: 'typescript-server',
  timestamp: '2025-09-27 19:45:50'
}
{
  message: 'Tag ID not found: 12345',
  level: 'warn',
  service: 'typescript-server',
  timestamp: '2025-09-27 19:45:50'
}
{
  message: '[18:45:50.000] Event received successfully:\n' +
    '    Type: PlayerTagged\n' +
    '    deviceId: abc12345\n' +
    '    Parsed Data: {"tag_id":"12345","image_ids":["LID4mcPLQZs71LID"],"event_type":"PlayerTagged"}',
  level: 'info',
  service: 'typescript-server',
  timestamp: '2025-09-27 19:45:50'
}
{
  message: '192.168.56.1 - - [27/Sep/2025:18:45:50 +0000] "POST /api/v1/events HTTP/1.1" 200 118 "-" "python-requests/2.32.4"',
  level: 'info',
  service: 'typescript-server',
  timestamp: '2025-09-27 19:45:50'
}
{
  service: 'typescript-server',
  statusCode: 200,
  duration: '2ms',
  ip: '192.168.56.1',
  userAgent: 'python-requests/2.32.4',
  level: 'info',
  message: 'POST /api/v1/events',
  timestamp: '2025-09-27 19:45:50'
}
{
  message: 'HEALING: abc12345 (PretendFriend) 51 -> 52',
  level: 'info',
  service: 'typescript-server',
  timestamp: '2025-09-27 19:45:50'
}
{
  message: '[18:45:50.487] PLAYER TAGGED - deviceId: abc12345, Event: {"tag_id":"12345","image_ids":["LIDUWq1W00E5TLID"],"event_type":"PlayerTagged"}',
  level: 'info',
  service: 'typescript-server',
  timestamp: '2025-09-27 19:45:50'
}
{
  message: 'Tag ID not found: 12345',
  level: 'warn',
  service: 'typescript-server',
  timestamp: '2025-09-27 19:45:50'
}
{
  message: '[18:45:50.487] Event received successfully:\n' +
    '    Type: PlayerTagged\n' +
    '    deviceId: abc12345\n' +
    '    Parsed Data: {"tag_id":"12345","image_ids":["LIDUWq1W00E5TLID"],"event_type":"PlayerTagged"}',
  level: 'info',
  service: 'typescript-server',
  timestamp: '2025-09-27 19:45:50'
}
{
  message: '192.168.56.1 - - [27/Sep/2025:18:45:50 +0000] "POST /api/v1/events HTTP/1.1" 200 118 "-" "python-requests/2.32.4"',
  level: 'info',
  service: 'typescript-server',
  timestamp: '2025-09-27 19:45:50'
}
{
  service: 'typescript-server',
  statusCode: 200,
  duration: '2ms',
  ip: '192.168.56.1',
  userAgent: 'python-requests/2.32.4',
  level: 'info',
  message: 'POST /api/v1/events',
  timestamp: '2025-09-27 19:45:50'
}
{
  message: '[18:45:50.913] PLAYER TAGGED - deviceId: abc12345, Event: {"tag_id":"12345","image_ids":["LID0RJahfe2eXLID"],"event_type":"PlayerTagged"}',
  level: 'info',
  service: 'typescript-server',
  timestamp: '2025-09-27 19:45:50'
}
{
  message: 'Tag ID not found: 12345',
  level: 'warn',
  service: 'typescript-server',
  timestamp: '2025-09-27 19:45:50'
}
{
  message: '[18:45:50.913] Event received successfully:\n' +
    '    Type: PlayerTagged\n' +
    '    deviceId: abc12345\n' +
    '    Parsed Data: {"tag_id":"12345","image_ids":["LID0RJahfe2eXLID"],"event_type":"PlayerTagged"}',
  level: 'info',
  service: 'typescript-server',
  timestamp: '2025-09-27 19:45:50'
}
{
  message: '192.168.56.1 - - [27/Sep/2025:18:45:50 +0000] "POST /api/v1/events HTTP/1.1" 200 118 "-" "python-requests/2.32.4"',
  level: 'info',
  service: 'typescript-server',
  timestamp: '2025-09-27 19:45:50'
}
{
  service: 'typescript-server',
  statusCode: 200,
  duration: '2ms',
  ip: '192.168.56.1',
  userAgent: 'python-requests/2.32.4',
  level: 'info',
  message: 'POST /api/v1/events',
  timestamp: '2025-09-27 19:45:50'
}
{
  message: '[18:45:51.336] PLAYER TAGGED - deviceId: abc12345, Event: {"tag_id":"12345","image_ids":["LIDmcVeLr3bX5LID"],"event_type":"PlayerTagged"}',
  level: 'info',
  service: 'typescript-server',
  timestamp: '2025-09-27 19:45:51'
}
{
  message: 'Tag ID not found: 12345',
  level: 'warn',
  service: 'typescript-server',
  timestamp: '2025-09-27 19:45:51'
}
{
  message: '[18:45:51.336] Event received successfully:\n' +
    '    Type: PlayerTagged\n' +
    '    deviceId: abc12345\n' +
    '    Parsed Data: {"tag_id":"12345","image_ids":["LIDmcVeLr3bX5LID"],"event_type":"PlayerTagged"}',
  level: 'info',
  service: 'typescript-server',
  timestamp: '2025-09-27 19:45:51'
}
{
  message: '192.168.56.1 - - [27/Sep/2025:18:45:51 +0000] "POST /api/v1/events HTTP/1.1" 200 118 "-" "python-requests/2.32.4"',
  level: 'info',
  service: 'typescript-server',
  timestamp: '2025-09-27 19:45:51'
}
{
  service: 'typescript-server',
  statusCode: 200,
  duration: '1ms',
  ip: '192.168.56.1',
  userAgent: 'python-requests/2.32.4',
  level: 'info',
  message: 'POST /api/v1/events',
  timestamp: '2025-09-27 19:45:51'
}
{
  message: '[18:45:51.758] PLAYER TAGGED - deviceId: abc12345, Event: {"tag_id":"12345","image_ids":["LID1ZaOQ8Gb4ALID"],"event_type":"PlayerTagged"}',
  level: 'info',
  service: 'typescript-server',
  timestamp: '2025-09-27 19:45:51'
}
{
  message: 'Tag ID not found: 12345',
  level: 'warn',
  service: 'typescript-server',
  timestamp: '2025-09-27 19:45:51'
}
{
  message: '[18:45:51.758] Event received successfully:\n' +
    '    Type: PlayerTagged\n' +
    '    deviceId: abc12345\n' +
    '    Parsed Data: {"tag_id":"12345","image_ids":["LID1ZaOQ8Gb4ALID"],"event_type":"PlayerTagged"}',
  level: 'info',
  service: 'typescript-server',
  timestamp: '2025-09-27 19:45:51'
}
{
  message: '192.168.56.1 - - [27/Sep/2025:18:45:51 +0000] "POST /api/v1/events HTTP/1.1" 200 118 "-" "python-requests/2.32.4"',
  level: 'info',
  service: 'typescript-server',
  timestamp: '2025-09-27 19:45:51'
}
{
  service: 'typescript-server',
  statusCode: 200,
  duration: '2ms',
  ip: '192.168.56.1',
  userAgent: 'python-requests/2.32.4',
  level: 'info',
  message: 'POST /api/v1/events',
  timestamp: '2025-09-27 19:45:51'
}
{
  message: '[18:45:52.184] PLAYER TAGGED - deviceId: abc12345, Event: {"tag_id":"12345","image_ids":["LID3X9zKsvrv8LID"],"event_type":"PlayerTagged"}',
  level: 'info',
  service: 'typescript-server',
  timestamp: '2025-09-27 19:45:52'
}
{
  message: 'Tag ID not found: 12345',
  level: 'warn',
  service: 'typescript-server',
  timestamp: '2025-09-27 19:45:52'
}
{
  message: '[18:45:52.184] Event received successfully:\n' +
    '    Type: PlayerTagged\n' +
    '    deviceId: abc12345\n' +
    '    Parsed Data: {"tag_id":"12345","image_ids":["LID3X9zKsvrv8LID"],"event_type":"PlayerTagged"}',
  level: 'info',
  service: 'typescript-server',
  timestamp: '2025-09-27 19:45:52'
}
{
  message: '192.168.56.1 - - [27/Sep/2025:18:45:52 +0000] "POST /api/v1/events HTTP/1.1" 200 118 "-" "python-requests/2.32.4"',
  level: 'info',
  service: 'typescript-server',
  timestamp: '2025-09-27 19:45:52'
}
{
  service: 'typescript-server',
  statusCode: 200,
  duration: '2ms',
  ip: '192.168.56.1',
  userAgent: 'python-requests/2.32.4',
  level: 'info',
  message: 'POST /api/v1/events',
  timestamp: '2025-09-27 19:45:52'
}
{
  message: '[18:45:52.602] PLAYER TAGGED - deviceId: abc12345, Event: {"tag_id":"12345","image_ids":["LIDi1DouJzkTeLID"],"event_type":"PlayerTagged"}',
  level: 'info',
  service: 'typescript-server',
  timestamp: '2025-09-27 19:45:52'
}
{
  message: 'Tag ID not found: 12345',
  level: 'warn',
  service: 'typescript-server',
  timestamp: '2025-09-27 19:45:52'
}
{
  message: '[18:45:52.602] Event received successfully:\n' +
    '    Type: PlayerTagged\n' +
    '    deviceId: abc12345\n' +
    '    Parsed Data: {"tag_id":"12345","image_ids":["LIDi1DouJzkTeLID"],"event_type":"PlayerTagged"}',
  level: 'info',
  service: 'typescript-server',
  timestamp: '2025-09-27 19:45:52'
}
{
  message: '192.168.56.1 - - [27/Sep/2025:18:45:52 +0000] "POST /api/v1/events HTTP/1.1" 200 118 "-" "python-requests/2.32.4"',
  level: 'info',
  service: 'typescript-server',
  timestamp: '2025-09-27 19:45:52'
}
{
  service: 'typescript-server',
  statusCode: 200,
  duration: '2ms',
  ip: '192.168.56.1',
  userAgent: 'python-requests/2.32.4',
  level: 'info',
  message: 'POST /api/v1/events',
  timestamp: '2025-09-27 19:45:52'
}
{
  message: '[18:45:53.032] PLAYER TAGGED - deviceId: abc12345, Event: {"tag_id":"12345","image_ids":["LIDO5p03QryXILID"],"event_type":"PlayerTagged"}',
  level: 'info',
  service: 'typescript-server',
  timestamp: '2025-09-27 19:45:53'
}
{
  message: 'Tag ID not found: 12345',
  level: 'warn',
  service: 'typescript-server',
  timestamp: '2025-09-27 19:45:53'
}
{
  message: '[18:45:53.032] Event received successfully:\n' +
    '    Type: PlayerTagged\n' +
    '    deviceId: abc12345\n' +
    '    Parsed Data: {"tag_id":"12345","image_ids":["LIDO5p03QryXILID"],"event_type":"PlayerTagged"}',
  level: 'info',
  service: 'typescript-server',
  timestamp: '2025-09-27 19:45:53'
}
{
  message: '192.168.56.1 - - [27/Sep/2025:18:45:53 +0000] "POST /api/v1/events HTTP/1.1" 200 118 "-" "python-requests/2.32.4"',
  level: 'info',
  service: 'typescript-server',
  timestamp: '2025-09-27 19:45:53'
}
{
  service: 'typescript-server',
  statusCode: 200,
  duration: '2ms',
  ip: '192.168.56.1',
  userAgent: 'python-requests/2.32.4',
  level: 'info',
  message: 'POST /api/v1/events',
  timestamp: '2025-09-27 19:45:53'
}
{
  message: '[18:45:53.456] PLAYER TAGGED - deviceId: abc12345, Event: {"tag_id":"12345","image_ids":["LIDFvx9FZgYKyLID"],"event_type":"PlayerTagged"}',
  level: 'info',
  service: 'typescript-server',
  timestamp: '2025-09-27 19:45:53'
}
{
  message: 'Tag ID not found: 12345',
  level: 'warn',
  service: 'typescript-server',
  timestamp: '2025-09-27 19:45:53'
}
{
  message: '[18:45:53.456] Event received successfully:\n' +
    '    Type: PlayerTagged\n' +
    '    deviceId: abc12345\n' +
    '    Parsed Data: {"tag_id":"12345","image_ids":["LIDFvx9FZgYKyLID"],"event_type":"PlayerTagged"}',
  level: 'info',
  service: 'typescript-server',
  timestamp: '2025-09-27 19:45:53'
}
{
  message: '192.168.56.1 - - [27/Sep/2025:18:45:53 +0000] "POST /api/v1/events HTTP/1.1" 200 118 "-" "python-requests/2.32.4"',
  level: 'info',
  service: 'typescript-server',
  timestamp: '2025-09-27 19:45:53'
}
{
  service: 'typescript-server',
  statusCode: 200,
  duration: '3ms',
  ip: '192.168.56.1',
  userAgent: 'python-requests/2.32.4',
  level: 'info',
  message: 'POST /api/v1/events',
  timestamp: '2025-09-27 19:45:53'
}
{
  message: '[18:45:53.890] PLAYER TAGGED - deviceId: abc12345, Event: {"tag_id":"12345","image_ids":["LIDAQlou1t0yrLID"],"event_type":"PlayerTagged"}',
  level: 'info',
  service: 'typescript-server',
  timestamp: '2025-09-27 19:45:53'
}
{
  message: 'Tag ID not found: 12345',
  level: 'warn',
  service: 'typescript-server',
  timestamp: '2025-09-27 19:45:53'
}
{
  message: '[18:45:53.890] Event received successfully:\n' +
    '    Type: PlayerTagged\n' +
    '    deviceId: abc12345\n' +
    '    Parsed Data: {"tag_id":"12345","image_ids":["LIDAQlou1t0yrLID"],"event_type":"PlayerTagged"}',
  level: 'info',
  service: 'typescript-server',
  timestamp: '2025-09-27 19:45:53'
}
{
  message: '192.168.56.1 - - [27/Sep/2025:18:45:53 +0000] "POST /api/v1/events HTTP/1.1" 200 118 "-" "python-requests/2.32.4"',
  level: 'info',
  service: 'typescript-server',
  timestamp: '2025-09-27 19:45:53'
}
{
  service: 'typescript-server',
  statusCode: 200,
  duration: '2ms',
  ip: '192.168.56.1',
  userAgent: 'python-requests/2.32.4',
  level: 'info',
  message: 'POST /api/v1/events',
  timestamp: '2025-09-27 19:45:53'
}
{
  message: '[18:45:54.367] PLAYER TAGGED - deviceId: abc12345, Event: {"tag_id":"12345","image_ids":["LIDfInZdbAhSRLID"],"event_type":"PlayerTagged"}',
  level: 'info',
  service: 'typescript-server',
  timestamp: '2025-09-27 19:45:54'
}
{
  message: 'Tag ID not found: 12345',
  level: 'warn',
  service: 'typescript-server',
  timestamp: '2025-09-27 19:45:54'
}
{
  message: '[18:45:54.367] Event received successfully:\n' +
    '    Type: PlayerTagged\n' +
    '    deviceId: abc12345\n' +
    '    Parsed Data: {"tag_id":"12345","image_ids":["LIDfInZdbAhSRLID"],"event_type":"PlayerTagged"}',
  level: 'info',
  service: 'typescript-server',
  timestamp: '2025-09-27 19:45:54'
}
{
  message: '192.168.56.1 - - [27/Sep/2025:18:45:54 +0000] "POST /api/v1/events HTTP/1.1" 200 118 "-" "python-requests/2.32.4"',
  level: 'info',
  service: 'typescript-server',
  timestamp: '2025-09-27 19:45:54'
}
{
  service: 'typescript-server',
  statusCode: 200,
  duration: '2ms',
  ip: '192.168.56.1',
  userAgent: 'python-requests/2.32.4',
  level: 'info',
  message: 'POST /api/v1/events',
  timestamp: '2025-09-27 19:45:54'
}
{
  message: '[18:45:54.776] PLAYER TAGGED - deviceId: abc12345, Event: {"tag_id":"12345","image_ids":["LIDHDk4l8oLncLID"],"event_type":"PlayerTagged"}',
  level: 'info',
  service: 'typescript-server',
  timestamp: '2025-09-27 19:45:54'
}
{
  message: 'Tag ID not found: 12345',
  level: 'warn',
  service: 'typescript-server',
  timestamp: '2025-09-27 19:45:54'
}
{
  message: '[18:45:54.776] Event received successfully:\n' +
    '    Type: PlayerTagged\n' +
    '    deviceId: abc12345\n' +
    '    Parsed Data: {"tag_id":"12345","image_ids":["LIDHDk4l8oLncLID"],"event_type":"PlayerTagged"}',
  level: 'info',
  service: 'typescript-server',
  timestamp: '2025-09-27 19:45:54'
}
{
  message: '192.168.56.1 - - [27/Sep/2025:18:45:54 +0000] "POST /api/v1/events HTTP/1.1" 200 118 "-" "python-requests/2.32.4"',
  level: 'info',
  service: 'typescript-server',
  timestamp: '2025-09-27 19:45:54'
}
{
  service: 'typescript-server',
  statusCode: 200,
  duration: '2ms',
  ip: '192.168.56.1',
  userAgent: 'python-requests/2.32.4',
  level: 'info',
  message: 'POST /api/v1/events',
  timestamp: '2025-09-27 19:45:54'
}
{
  message: '[18:45:55.036] PLAYER TAGGED - deviceId: abc12345, Event: {"tag_id":"3","image_ids":["test_1758998755020_udvnvenuq"],"event_type":"PlayerTagged"}',
  level: 'info',
  service: 'typescript-server',
  timestamp: '2025-09-27 19:45:55'
}
{
  message: '[18:45:55.036] Event received successfully:\n' +
    '    Type: PlayerTagged\n' +
    '    deviceId: abc12345\n' +
    '    Parsed Data: {"tag_id":"3","image_ids":["test_1758998755020_udvnvenuq"],"event_type":"PlayerTagged"}',
  level: 'info',
  service: 'typescript-server',
  timestamp: '2025-09-27 19:45:55'
}
{
  message: '127.0.0.1 - - [27/Sep/2025:18:45:55 +0000] "POST /api/v1/events HTTP/1.1" 200 118 "http://localhost:3001/" "Mozilla/5.0 (Windows NT 10.0; Win64; x64) AppleWebKit/537.36 (KHTML, like Gecko) Chrome/140.0.0.0 Safari/537.36 Edg/140.0.0.0"',
  level: 'info',
  service: 'typescript-server',
  timestamp: '2025-09-27 19:45:55'
}
{
  service: 'typescript-server',
  statusCode: 200,
  duration: '1ms',
  ip: '127.0.0.1',
  userAgent: 'Mozilla/5.0 (Windows NT 10.0; Win64; x64) AppleWebKit/537.36 (KHTML, like Gecko) Chrome/140.0.0.0 Safari/537.36 Edg/140.0.0.0',
  level: 'info',
  message: 'POST /api/v1/events',
  timestamp: '2025-09-27 19:45:55'
}
{
  message: '[18:45:55.208] PLAYER TAGGED - deviceId: abc12345, Event: {"tag_id":"12345","image_ids":["LIDCpmBZXhrGNLID"],"event_type":"PlayerTagged"}',
  level: 'info',
  service: 'typescript-server',
  timestamp: '2025-09-27 19:45:55'
}
{
  message: 'Tag ID not found: 12345',
  level: 'warn',
  service: 'typescript-server',
  timestamp: '2025-09-27 19:45:55'
}
{
  message: '[18:45:55.208] Event received successfully:\n' +
    '    Type: PlayerTagged\n' +
    '    deviceId: abc12345\n' +
    '    Parsed Data: {"tag_id":"12345","image_ids":["LIDCpmBZXhrGNLID"],"event_type":"PlayerTagged"}',
  level: 'info',
  service: 'typescript-server',
  timestamp: '2025-09-27 19:45:55'
}
{
  message: '192.168.56.1 - - [27/Sep/2025:18:45:55 +0000] "POST /api/v1/events HTTP/1.1" 200 118 "-" "python-requests/2.32.4"',
  level: 'info',
  service: 'typescript-server',
  timestamp: '2025-09-27 19:45:55'
}
{
  service: 'typescript-server',
  statusCode: 200,
  duration: '1ms',
  ip: '192.168.56.1',
  userAgent: 'python-requests/2.32.4',
  level: 'info',
  message: 'POST /api/v1/events',
  timestamp: '2025-09-27 19:45:55'
}
{
  message: 'HEALING: abc12345 (PretendFriend) 37 -> 38',
  level: 'info',
  service: 'typescript-server',
  timestamp: '2025-09-27 19:45:55'
}
{
  message: '[18:45:55.637] PLAYER TAGGED - deviceId: abc12345, Event: {"tag_id":"12345","image_ids":["LIDOXMB1OiQSyLID"],"event_type":"PlayerTagged"}',
  level: 'info',
  service: 'typescript-server',
  timestamp: '2025-09-27 19:45:55'
}
{
  message: 'Tag ID not found: 12345',
  level: 'warn',
  service: 'typescript-server',
  timestamp: '2025-09-27 19:45:55'
}
{
  message: '[18:45:55.637] Event received successfully:\n' +
    '    Type: PlayerTagged\n' +
    '    deviceId: abc12345\n' +
    '    Parsed Data: {"tag_id":"12345","image_ids":["LIDOXMB1OiQSyLID"],"event_type":"PlayerTagged"}',
  level: 'info',
  service: 'typescript-server',
  timestamp: '2025-09-27 19:45:55'
}
{
  message: '192.168.56.1 - - [27/Sep/2025:18:45:55 +0000] "POST /api/v1/events HTTP/1.1" 200 118 "-" "python-requests/2.32.4"',
  level: 'info',
  service: 'typescript-server',
  timestamp: '2025-09-27 19:45:55'
}
{
  service: 'typescript-server',
  statusCode: 200,
  duration: '2ms',
  ip: '192.168.56.1',
  userAgent: 'python-requests/2.32.4',
  level: 'info',
  message: 'POST /api/v1/events',
  timestamp: '2025-09-27 19:45:55'
}
{
  message: '[18:45:56.072] PLAYER TAGGED - deviceId: abc12345, Event: {"tag_id":"12345","image_ids":["LIDGYO6r1vuTRLID"],"event_type":"PlayerTagged"}',
  level: 'info',
  service: 'typescript-server',
  timestamp: '2025-09-27 19:45:56'
}
{
  message: 'Tag ID not found: 12345',
  level: 'warn',
  service: 'typescript-server',
  timestamp: '2025-09-27 19:45:56'
}
{
  message: '[18:45:56.072] Event received successfully:\n' +
    '    Type: PlayerTagged\n' +
    '    deviceId: abc12345\n' +
    '    Parsed Data: {"tag_id":"12345","image_ids":["LIDGYO6r1vuTRLID"],"event_type":"PlayerTagged"}',
  level: 'info',
  service: 'typescript-server',
  timestamp: '2025-09-27 19:45:56'
}
{
  message: '192.168.56.1 - - [27/Sep/2025:18:45:56 +0000] "POST /api/v1/events HTTP/1.1" 200 118 "-" "python-requests/2.32.4"',
  level: 'info',
  service: 'typescript-server',
  timestamp: '2025-09-27 19:45:56'
}
{
  service: 'typescript-server',
  statusCode: 200,
  duration: '2ms',
  ip: '192.168.56.1',
  userAgent: 'python-requests/2.32.4',
  level: 'info',
  message: 'POST /api/v1/events',
  timestamp: '2025-09-27 19:45:56'
}
{
  message: '[18:45:56.510] PLAYER TAGGED - deviceId: abc12345, Event: {"tag_id":"12345","image_ids":["LID0HONW3gOZZLID"],"event_type":"PlayerTagged"}',
  level: 'info',
  service: 'typescript-server',
  timestamp: '2025-09-27 19:45:56'
}
{
  message: 'Tag ID not found: 12345',
  level: 'warn',
  service: 'typescript-server',
  timestamp: '2025-09-27 19:45:56'
}
{
  message: '[18:45:56.510] Event received successfully:\n' +
    '    Type: PlayerTagged\n' +
    '    deviceId: abc12345\n' +
    '    Parsed Data: {"tag_id":"12345","image_ids":["LID0HONW3gOZZLID"],"event_type":"PlayerTagged"}',
  level: 'info',
  service: 'typescript-server',
  timestamp: '2025-09-27 19:45:56'
}
{
  message: '192.168.56.1 - - [27/Sep/2025:18:45:56 +0000] "POST /api/v1/events HTTP/1.1" 200 118 "-" "python-requests/2.32.4"',
  level: 'info',
  service: 'typescript-server',
  timestamp: '2025-09-27 19:45:56'
}
{
  service: 'typescript-server',
  statusCode: 200,
  duration: '1ms',
  ip: '192.168.56.1',
  userAgent: 'python-requests/2.32.4',
  level: 'info',
  message: 'POST /api/v1/events',
  timestamp: '2025-09-27 19:45:56'
}
{
  message: '[18:45:56.938] PLAYER TAGGED - deviceId: abc12345, Event: {"tag_id":"12345","image_ids":["LIDcbhvhURBcMLID"],"event_type":"PlayerTagged"}',
  level: 'info',
  service: 'typescript-server',
  timestamp: '2025-09-27 19:45:56'
}
{
  message: 'Tag ID not found: 12345',
  level: 'warn',
  service: 'typescript-server',
  timestamp: '2025-09-27 19:45:56'
}
{
  message: '[18:45:56.938] Event received successfully:\n' +
    '    Type: PlayerTagged\n' +
    '    deviceId: abc12345\n' +
    '    Parsed Data: {"tag_id":"12345","image_ids":["LIDcbhvhURBcMLID"],"event_type":"PlayerTagged"}',
  level: 'info',
  service: 'typescript-server',
  timestamp: '2025-09-27 19:45:56'
}
{
  message: '192.168.56.1 - - [27/Sep/2025:18:45:56 +0000] "POST /api/v1/events HTTP/1.1" 200 118 "-" "python-requests/2.32.4"',
  level: 'info',
  service: 'typescript-server',
  timestamp: '2025-09-27 19:45:56'
}
{
  service: 'typescript-server',
  statusCode: 200,
  duration: '2ms',
  ip: '192.168.56.1',
  userAgent: 'python-requests/2.32.4',
  level: 'info',
  message: 'POST /api/v1/events',
  timestamp: '2025-09-27 19:45:56'
}
{
  message: '[18:45:57.370] PLAYER TAGGED - deviceId: abc12345, Event: {"tag_id":"12345","image_ids":["LIDbRx1FN1pnhLID"],"event_type":"PlayerTagged"}',
  level: 'info',
  service: 'typescript-server',
  timestamp: '2025-09-27 19:45:57'
}
{
  message: 'Tag ID not found: 12345',
  level: 'warn',
  service: 'typescript-server',
  timestamp: '2025-09-27 19:45:57'
}
{
  message: '[18:45:57.370] Event received successfully:\n' +
    '    Type: PlayerTagged\n' +
    '    deviceId: abc12345\n' +
    '    Parsed Data: {"tag_id":"12345","image_ids":["LIDbRx1FN1pnhLID"],"event_type":"PlayerTagged"}',
  level: 'info',
  service: 'typescript-server',
  timestamp: '2025-09-27 19:45:57'
}
{
  message: '192.168.56.1 - - [27/Sep/2025:18:45:57 +0000] "POST /api/v1/events HTTP/1.1" 200 118 "-" "python-requests/2.32.4"',
  level: 'info',
  service: 'typescript-server',
  timestamp: '2025-09-27 19:45:57'
}
{
  service: 'typescript-server',
  statusCode: 200,
  duration: '3ms',
  ip: '192.168.56.1',
  userAgent: 'python-requests/2.32.4',
  level: 'info',
  message: 'POST /api/v1/events',
  timestamp: '2025-09-27 19:45:57'
}
{
  message: '[18:45:57.683] PLAYER TAGGED - deviceId: abc12345, Event: {"tag_id":"3","image_ids":["test_1758998757659_jlutkgpkk"],"event_type":"PlayerTagged"}',
  level: 'info',
  service: 'typescript-server',
  timestamp: '2025-09-27 19:45:57'
}
{
  message: '[18:45:57.683] Event received successfully:\n' +
    '    Type: PlayerTagged\n' +
    '    deviceId: abc12345\n' +
    '    Parsed Data: {"tag_id":"3","image_ids":["test_1758998757659_jlutkgpkk"],"event_type":"PlayerTagged"}',
  level: 'info',
  service: 'typescript-server',
  timestamp: '2025-09-27 19:45:57'
}
{
  message: '127.0.0.1 - - [27/Sep/2025:18:45:57 +0000] "POST /api/v1/events HTTP/1.1" 200 118 "http://localhost:3001/" "Mozilla/5.0 (Windows NT 10.0; Win64; x64) AppleWebKit/537.36 (KHTML, like Gecko) Chrome/140.0.0.0 Safari/537.36 Edg/140.0.0.0"',
  level: 'info',
  service: 'typescript-server',
  timestamp: '2025-09-27 19:45:57'
}
{
  service: 'typescript-server',
  statusCode: 200,
  duration: '2ms',
  ip: '127.0.0.1',
  userAgent: 'Mozilla/5.0 (Windows NT 10.0; Win64; x64) AppleWebKit/537.36 (KHTML, like Gecko) Chrome/140.0.0.0 Safari/537.36 Edg/140.0.0.0',
  level: 'info',
  message: 'POST /api/v1/events',
  timestamp: '2025-09-27 19:45:57'
}
{
  message: '[18:45:57.805] PLAYER TAGGED - deviceId: abc12345, Event: {"tag_id":"12345","image_ids":["LIDShVlfbyzFILID"],"event_type":"PlayerTagged"}',
  level: 'info',
  service: 'typescript-server',
  timestamp: '2025-09-27 19:45:57'
}
{
  message: 'Tag ID not found: 12345',
  level: 'warn',
  service: 'typescript-server',
  timestamp: '2025-09-27 19:45:57'
}
{
  message: '[18:45:57.805] Event received successfully:\n' +
    '    Type: PlayerTagged\n' +
    '    deviceId: abc12345\n' +
    '    Parsed Data: {"tag_id":"12345","image_ids":["LIDShVlfbyzFILID"],"event_type":"PlayerTagged"}',
  level: 'info',
  service: 'typescript-server',
  timestamp: '2025-09-27 19:45:57'
}
{
  message: '192.168.56.1 - - [27/Sep/2025:18:45:57 +0000] "POST /api/v1/events HTTP/1.1" 200 118 "-" "python-requests/2.32.4"',
  level: 'info',
  service: 'typescript-server',
  timestamp: '2025-09-27 19:45:57'
}
{
  service: 'typescript-server',
  statusCode: 200,
  duration: '1ms',
  ip: '192.168.56.1',
  userAgent: 'python-requests/2.32.4',
  level: 'info',
  message: 'POST /api/v1/events',
  timestamp: '2025-09-27 19:45:57'
}
{
  message: '[18:45:58.246] PLAYER TAGGED - deviceId: abc12345, Event: {"tag_id":"12345","image_ids":["LID7eTv3WlqKWLID"],"event_type":"PlayerTagged"}',
  level: 'info',
  service: 'typescript-server',
  timestamp: '2025-09-27 19:45:58'
}
{
  message: 'Tag ID not found: 12345',
  level: 'warn',
  service: 'typescript-server',
  timestamp: '2025-09-27 19:45:58'
}
{
  message: '[18:45:58.246] Event received successfully:\n' +
    '    Type: PlayerTagged\n' +
    '    deviceId: abc12345\n' +
    '    Parsed Data: {"tag_id":"12345","image_ids":["LID7eTv3WlqKWLID"],"event_type":"PlayerTagged"}',
  level: 'info',
  service: 'typescript-server',
  timestamp: '2025-09-27 19:45:58'
}
{
  message: '192.168.56.1 - - [27/Sep/2025:18:45:58 +0000] "POST /api/v1/events HTTP/1.1" 200 118 "-" "python-requests/2.32.4"',
  level: 'info',
  service: 'typescript-server',
  timestamp: '2025-09-27 19:45:58'
}
{
  service: 'typescript-server',
  statusCode: 200,
  duration: '1ms',
  ip: '192.168.56.1',
  userAgent: 'python-requests/2.32.4',
  level: 'info',
  message: 'POST /api/v1/events',
  timestamp: '2025-09-27 19:45:58'
}
{
  message: '[18:45:58.682] PLAYER TAGGED - deviceId: abc12345, Event: {"tag_id":"12345","image_ids":["LIDhaBnimYk6HLID"],"event_type":"PlayerTagged"}',
  level: 'info',
  service: 'typescript-server',
  timestamp: '2025-09-27 19:45:58'
}
{
  message: 'Tag ID not found: 12345',
  level: 'warn',
  service: 'typescript-server',
  timestamp: '2025-09-27 19:45:58'
}
{
  message: '[18:45:58.682] Event received successfully:\n' +
    '    Type: PlayerTagged\n' +
    '    deviceId: abc12345\n' +
    '    Parsed Data: {"tag_id":"12345","image_ids":["LIDhaBnimYk6HLID"],"event_type":"PlayerTagged"}',
  level: 'info',
  service: 'typescript-server',
  timestamp: '2025-09-27 19:45:58'
}
{
  message: '192.168.56.1 - - [27/Sep/2025:18:45:58 +0000] "POST /api/v1/events HTTP/1.1" 200 118 "-" "python-requests/2.32.4"',
  level: 'info',
  service: 'typescript-server',
  timestamp: '2025-09-27 19:45:58'
}
{
  service: 'typescript-server',
  statusCode: 200,
  duration: '1ms',
  ip: '192.168.56.1',
  userAgent: 'python-requests/2.32.4',
  level: 'info',
  message: 'POST /api/v1/events',
  timestamp: '2025-09-27 19:45:58'
}
{
  message: '[18:45:59.110] PLAYER TAGGED - deviceId: abc12345, Event: {"tag_id":"12345","image_ids":["LIDvkJ4FTNIXaLID"],"event_type":"PlayerTagged"}',
  level: 'info',
  service: 'typescript-server',
  timestamp: '2025-09-27 19:45:59'
}
{
  message: 'Tag ID not found: 12345',
  level: 'warn',
  service: 'typescript-server',
  timestamp: '2025-09-27 19:45:59'
}
{
  message: '[18:45:59.110] Event received successfully:\n' +
    '    Type: PlayerTagged\n' +
    '    deviceId: abc12345\n' +
    '    Parsed Data: {"tag_id":"12345","image_ids":["LIDvkJ4FTNIXaLID"],"event_type":"PlayerTagged"}',
  level: 'info',
  service: 'typescript-server',
  timestamp: '2025-09-27 19:45:59'
}
{
  message: '192.168.56.1 - - [27/Sep/2025:18:45:59 +0000] "POST /api/v1/events HTTP/1.1" 200 118 "-" "python-requests/2.32.4"',
  level: 'info',
  service: 'typescript-server',
  timestamp: '2025-09-27 19:45:59'
}
{
  service: 'typescript-server',
  statusCode: 200,
  duration: '1ms',
  ip: '192.168.56.1',
  userAgent: 'python-requests/2.32.4',
  level: 'info',
  message: 'POST /api/v1/events',
  timestamp: '2025-09-27 19:45:59'
}
{
  message: '[18:45:59.537] PLAYER TAGGED - deviceId: abc12345, Event: {"tag_id":"12345","image_ids":["LIDXGpn5lhwWoLID"],"event_type":"PlayerTagged"}',
  level: 'info',
  service: 'typescript-server',
  timestamp: '2025-09-27 19:45:59'
}
{
  message: 'Tag ID not found: 12345',
  level: 'warn',
  service: 'typescript-server',
  timestamp: '2025-09-27 19:45:59'
}
{
  message: '[18:45:59.537] Event received successfully:\n' +
    '    Type: PlayerTagged\n' +
    '    deviceId: abc12345\n' +
    '    Parsed Data: {"tag_id":"12345","image_ids":["LIDXGpn5lhwWoLID"],"event_type":"PlayerTagged"}',
  level: 'info',
  service: 'typescript-server',
  timestamp: '2025-09-27 19:45:59'
}
{
  message: '192.168.56.1 - - [27/Sep/2025:18:45:59 +0000] "POST /api/v1/events HTTP/1.1" 200 118 "-" "python-requests/2.32.4"',
  level: 'info',
  service: 'typescript-server',
  timestamp: '2025-09-27 19:45:59'
}
{
  service: 'typescript-server',
  statusCode: 200,
  duration: '2ms',
  ip: '192.168.56.1',
  userAgent: 'python-requests/2.32.4',
  level: 'info',
  message: 'POST /api/v1/events',
  timestamp: '2025-09-27 19:45:59'
}
{
  message: '[18:45:59.976] PLAYER TAGGED - deviceId: abc12345, Event: {"tag_id":"12345","image_ids":["LID0CGUawuSlPLID"],"event_type":"PlayerTagged"}',
  level: 'info',
  service: 'typescript-server',
  timestamp: '2025-09-27 19:45:59'
}
{
  message: 'Tag ID not found: 12345',
  level: 'warn',
  service: 'typescript-server',
  timestamp: '2025-09-27 19:45:59'
}
{
  message: '[18:45:59.976] Event received successfully:\n' +
    '    Type: PlayerTagged\n' +
    '    deviceId: abc12345\n' +
    '    Parsed Data: {"tag_id":"12345","image_ids":["LID0CGUawuSlPLID"],"event_type":"PlayerTagged"}',
  level: 'info',
  service: 'typescript-server',
  timestamp: '2025-09-27 19:45:59'
}
{
  message: '192.168.56.1 - - [27/Sep/2025:18:45:59 +0000] "POST /api/v1/events HTTP/1.1" 200 118 "-" "python-requests/2.32.4"',
  level: 'info',
  service: 'typescript-server',
  timestamp: '2025-09-27 19:45:59'
}
{
  service: 'typescript-server',
  statusCode: 200,
  duration: '2ms',
  ip: '192.168.56.1',
  userAgent: 'python-requests/2.32.4',
  level: 'info',
  message: 'POST /api/v1/events',
  timestamp: '2025-09-27 19:45:59'
}
{
  message: '[18:46:00.267] PLAYER TAGGED - deviceId: abc12345, Event: {"tag_id":"3","image_ids":["test_1758998760243_186r9fp5v"],"event_type":"PlayerTagged"}',
  level: 'info',
  service: 'typescript-server',
  timestamp: '2025-09-27 19:46:00'
}
{
  message: '[18:46:00.267] Event received successfully:\n' +
    '    Type: PlayerTagged\n' +
    '    deviceId: abc12345\n' +
    '    Parsed Data: {"tag_id":"3","image_ids":["test_1758998760243_186r9fp5v"],"event_type":"PlayerTagged"}',
  level: 'info',
  service: 'typescript-server',
  timestamp: '2025-09-27 19:46:00'
}
{
  message: '127.0.0.1 - - [27/Sep/2025:18:46:00 +0000] "POST /api/v1/events HTTP/1.1" 200 118 "http://localhost:3001/" "Mozilla/5.0 (Windows NT 10.0; Win64; x64) AppleWebKit/537.36 (KHTML, like Gecko) Chrome/140.0.0.0 Safari/537.36 Edg/140.0.0.0"',
  level: 'info',
  service: 'typescript-server',
  timestamp: '2025-09-27 19:46:00'
}
{
  service: 'typescript-server',
  statusCode: 200,
  duration: '1ms',
  ip: '127.0.0.1',
  userAgent: 'Mozilla/5.0 (Windows NT 10.0; Win64; x64) AppleWebKit/537.36 (KHTML, like Gecko) Chrome/140.0.0.0 Safari/537.36 Edg/140.0.0.0',
  level: 'info',
  message: 'POST /api/v1/events',
  timestamp: '2025-09-27 19:46:00'
}
{
  message: '[18:46:00.413] PLAYER TAGGED - deviceId: abc12345, Event: {"tag_id":"12345","image_ids":["LIDPuFA18qJ0oLID"],"event_type":"PlayerTagged"}',
  level: 'info',
  service: 'typescript-server',
  timestamp: '2025-09-27 19:46:00'
}
{
  message: 'Tag ID not found: 12345',
  level: 'warn',
  service: 'typescript-server',
  timestamp: '2025-09-27 19:46:00'
}
{
  message: '[18:46:00.413] Event received successfully:\n' +
    '    Type: PlayerTagged\n' +
    '    deviceId: abc12345\n' +
    '    Parsed Data: {"tag_id":"12345","image_ids":["LIDPuFA18qJ0oLID"],"event_type":"PlayerTagged"}',
  level: 'info',
  service: 'typescript-server',
  timestamp: '2025-09-27 19:46:00'
}
{
  message: '192.168.56.1 - - [27/Sep/2025:18:46:00 +0000] "POST /api/v1/events HTTP/1.1" 200 118 "-" "python-requests/2.32.4"',
  level: 'info',
  service: 'typescript-server',
  timestamp: '2025-09-27 19:46:00'
}
{
  service: 'typescript-server',
  statusCode: 200,
  duration: '2ms',
  ip: '192.168.56.1',
  userAgent: 'python-requests/2.32.4',
  level: 'info',
  message: 'POST /api/v1/events',
  timestamp: '2025-09-27 19:46:00'
}
{
  message: 'HEALING: abc12345 (PretendFriend) 8 -> 9',
  level: 'info',
  service: 'typescript-server',
  timestamp: '2025-09-27 19:46:00'
}
{
  message: '[18:46:00.850] PLAYER TAGGED - deviceId: abc12345, Event: {"tag_id":"12345","image_ids":["LIDB1yxGxcI0oLID"],"event_type":"PlayerTagged"}',
  level: 'info',
  service: 'typescript-server',
  timestamp: '2025-09-27 19:46:00'
}
{
  message: 'Tag ID not found: 12345',
  level: 'warn',
  service: 'typescript-server',
  timestamp: '2025-09-27 19:46:00'
}
{
  message: '[18:46:00.850] Event received successfully:\n' +
    '    Type: PlayerTagged\n' +
    '    deviceId: abc12345\n' +
    '    Parsed Data: {"tag_id":"12345","image_ids":["LIDB1yxGxcI0oLID"],"event_type":"PlayerTagged"}',
  level: 'info',
  service: 'typescript-server',
  timestamp: '2025-09-27 19:46:00'
}
{
  message: '192.168.56.1 - - [27/Sep/2025:18:46:00 +0000] "POST /api/v1/events HTTP/1.1" 200 118 "-" "python-requests/2.32.4"',
  level: 'info',
  service: 'typescript-server',
  timestamp: '2025-09-27 19:46:00'
}
{
  service: 'typescript-server',
  statusCode: 200,
  duration: '1ms',
  ip: '192.168.56.1',
  userAgent: 'python-requests/2.32.4',
  level: 'info',
  message: 'POST /api/v1/events',
  timestamp: '2025-09-27 19:46:00'
}
{
  message: '[18:46:01.290] PLAYER TAGGED - deviceId: abc12345, Event: {"tag_id":"12345","image_ids":["LIDE5WkBtmEFwLID"],"event_type":"PlayerTagged"}',
  level: 'info',
  service: 'typescript-server',
  timestamp: '2025-09-27 19:46:01'
}
{
  message: 'Tag ID not found: 12345',
  level: 'warn',
  service: 'typescript-server',
  timestamp: '2025-09-27 19:46:01'
}
{
  message: '[18:46:01.290] Event received successfully:\n' +
    '    Type: PlayerTagged\n' +
    '    deviceId: abc12345\n' +
    '    Parsed Data: {"tag_id":"12345","image_ids":["LIDE5WkBtmEFwLID"],"event_type":"PlayerTagged"}',
  level: 'info',
  service: 'typescript-server',
  timestamp: '2025-09-27 19:46:01'
}
{
  message: '192.168.56.1 - - [27/Sep/2025:18:46:01 +0000] "POST /api/v1/events HTTP/1.1" 200 118 "-" "python-requests/2.32.4"',
  level: 'info',
  service: 'typescript-server',
  timestamp: '2025-09-27 19:46:01'
}
{
  service: 'typescript-server',
  statusCode: 200,
  duration: '1ms',
  ip: '192.168.56.1',
  userAgent: 'python-requests/2.32.4',
  level: 'info',
  message: 'POST /api/v1/events',
  timestamp: '2025-09-27 19:46:01'
}
{
  message: '[18:46:01.731] PLAYER TAGGED - deviceId: abc12345, Event: {"tag_id":"12345","image_ids":["LIDh3pHLi7EIkLID"],"event_type":"PlayerTagged"}',
  level: 'info',
  service: 'typescript-server',
  timestamp: '2025-09-27 19:46:01'
}
{
  message: 'Tag ID not found: 12345',
  level: 'warn',
  service: 'typescript-server',
  timestamp: '2025-09-27 19:46:01'
}
{
  message: '[18:46:01.731] Event received successfully:\n' +
    '    Type: PlayerTagged\n' +
    '    deviceId: abc12345\n' +
    '    Parsed Data: {"tag_id":"12345","image_ids":["LIDh3pHLi7EIkLID"],"event_type":"PlayerTagged"}',
  level: 'info',
  service: 'typescript-server',
  timestamp: '2025-09-27 19:46:01'
}
{
  message: '192.168.56.1 - - [27/Sep/2025:18:46:01 +0000] "POST /api/v1/events HTTP/1.1" 200 118 "-" "python-requests/2.32.4"',
  level: 'info',
  service: 'typescript-server',
  timestamp: '2025-09-27 19:46:01'
}
{
  service: 'typescript-server',
  statusCode: 200,
  duration: '1ms',
  ip: '192.168.56.1',
  userAgent: 'python-requests/2.32.4',
  level: 'info',
  message: 'POST /api/v1/events',
  timestamp: '2025-09-27 19:46:01'
}
{
  message: '[18:46:02.155] PLAYER TAGGED - deviceId: abc12345, Event: {"tag_id":"12345","image_ids":["LIDPLgHKPhse1LID"],"event_type":"PlayerTagged"}',
  level: 'info',
  service: 'typescript-server',
  timestamp: '2025-09-27 19:46:02'
}
{
  message: 'Tag ID not found: 12345',
  level: 'warn',
  service: 'typescript-server',
  timestamp: '2025-09-27 19:46:02'
}
{
  message: '[18:46:02.155] Event received successfully:\n' +
    '    Type: PlayerTagged\n' +
    '    deviceId: abc12345\n' +
    '    Parsed Data: {"tag_id":"12345","image_ids":["LIDPLgHKPhse1LID"],"event_type":"PlayerTagged"}',
  level: 'info',
  service: 'typescript-server',
  timestamp: '2025-09-27 19:46:02'
}
{
  message: '192.168.56.1 - - [27/Sep/2025:18:46:02 +0000] "POST /api/v1/events HTTP/1.1" 200 118 "-" "python-requests/2.32.4"',
  level: 'info',
  service: 'typescript-server',
  timestamp: '2025-09-27 19:46:02'
}
{
  service: 'typescript-server',
  statusCode: 200,
  duration: '2ms',
  ip: '192.168.56.1',
  userAgent: 'python-requests/2.32.4',
  level: 'info',
  message: 'POST /api/v1/events',
  timestamp: '2025-09-27 19:46:02'
}
{
  message: '[18:46:02.597] PLAYER TAGGED - deviceId: abc12345, Event: {"tag_id":"12345","image_ids":["LIDv1IpFcEusHLID"],"event_type":"PlayerTagged"}',
  level: 'info',
  service: 'typescript-server',
  timestamp: '2025-09-27 19:46:02'
}
{
  message: 'Tag ID not found: 12345',
  level: 'warn',
  service: 'typescript-server',
  timestamp: '2025-09-27 19:46:02'
}
{
  message: '[18:46:02.597] Event received successfully:\n' +
    '    Type: PlayerTagged\n' +
    '    deviceId: abc12345\n' +
    '    Parsed Data: {"tag_id":"12345","image_ids":["LIDv1IpFcEusHLID"],"event_type":"PlayerTagged"}',
  level: 'info',
  service: 'typescript-server',
  timestamp: '2025-09-27 19:46:02'
}
{
  message: '192.168.56.1 - - [27/Sep/2025:18:46:02 +0000] "POST /api/v1/events HTTP/1.1" 200 118 "-" "python-requests/2.32.4"',
  level: 'info',
  service: 'typescript-server',
  timestamp: '2025-09-27 19:46:02'
}
{
  service: 'typescript-server',
  statusCode: 200,
  duration: '2ms',
  ip: '192.168.56.1',
  userAgent: 'python-requests/2.32.4',
  level: 'info',
  message: 'POST /api/v1/events',
  timestamp: '2025-09-27 19:46:02'
}
{
  message: '[18:46:03.032] PLAYER TAGGED - deviceId: abc12345, Event: {"tag_id":"12345","image_ids":["LIDg4HqerseGvLID"],"event_type":"PlayerTagged"}',
  level: 'info',
  service: 'typescript-server',
  timestamp: '2025-09-27 19:46:03'
}
{
  message: 'Tag ID not found: 12345',
  level: 'warn',
  service: 'typescript-server',
  timestamp: '2025-09-27 19:46:03'
}
{
  message: '[18:46:03.032] Event received successfully:\n' +
    '    Type: PlayerTagged\n' +
    '    deviceId: abc12345\n' +
    '    Parsed Data: {"tag_id":"12345","image_ids":["LIDg4HqerseGvLID"],"event_type":"PlayerTagged"}',
  level: 'info',
  service: 'typescript-server',
  timestamp: '2025-09-27 19:46:03'
}
{
  message: '192.168.56.1 - - [27/Sep/2025:18:46:03 +0000] "POST /api/v1/events HTTP/1.1" 200 118 "-" "python-requests/2.32.4"',
  level: 'info',
  service: 'typescript-server',
  timestamp: '2025-09-27 19:46:03'
}
{
  service: 'typescript-server',
  statusCode: 200,
  duration: '2ms',
  ip: '192.168.56.1',
  userAgent: 'python-requests/2.32.4',
  level: 'info',
  message: 'POST /api/v1/events',
  timestamp: '2025-09-27 19:46:03'
}
{
  message: '[18:46:03.051] PLAYER TAGGED - deviceId: abc12345, Event: {"tag_id":"3","image_ids":["test_1758998763032_58xlp6gia"],"event_type":"PlayerTagged"}',
  level: 'info',
  service: 'typescript-server',
  timestamp: '2025-09-27 19:46:03'
}
{
  message: 'Player eliminated: PretendFriend (abc12345) by device abc12345',
  level: 'info',
  service: 'typescript-server',
  timestamp: '2025-09-27 19:46:03'
}
{
  message: '[18:46:03.051] Event received successfully:\n' +
    '    Type: PlayerTagged\n' +
    '    deviceId: abc12345\n' +
    '    Parsed Data: {"tag_id":"3","image_ids":["test_1758998763032_58xlp6gia"],"event_type":"PlayerTagged"}',
  level: 'info',
  service: 'typescript-server',
  timestamp: '2025-09-27 19:46:03'
}
{
  message: '127.0.0.1 - - [27/Sep/2025:18:46:03 +0000] "POST /api/v1/events HTTP/1.1" 200 118 "http://localhost:3001/" "Mozilla/5.0 (Windows NT 10.0; Win64; x64) AppleWebKit/537.36 (KHTML, like Gecko) Chrome/140.0.0.0 Safari/537.36 Edg/140.0.0.0"',
  level: 'info',
  service: 'typescript-server',
  timestamp: '2025-09-27 19:46:03'
}
{
  service: 'typescript-server',
  statusCode: 200,
  duration: '2ms',
  ip: '127.0.0.1',
  userAgent: 'Mozilla/5.0 (Windows NT 10.0; Win64; x64) AppleWebKit/537.36 (KHTML, like Gecko) Chrome/140.0.0.0 Safari/537.36 Edg/140.0.0.0',
  level: 'info',
  message: 'POST /api/v1/events',
  timestamp: '2025-09-27 19:46:03'
}
{
  message: '[18:46:03.170] KILLSHOT REQUEST - deviceId: abc12345, Event: {"event_type":"ReqKillScreen"}',
  level: 'info',
  service: 'typescript-server',
  timestamp: '2025-09-27 19:46:03'
}
{
  message: '[18:46:03.170] KILLSCREEN REQUEST - deviceId: abc12345',
  level: 'info',
  service: 'typescript-server',
  timestamp: '2025-09-27 19:46:03'
}
{
  message: '[18:46:03.170] Attempting to retrieve 1 images: test_1758998763032_58xlp6gia',
  level: 'info',
  service: 'typescript-server',
  timestamp: '2025-09-27 19:46:03'
}
{
  message: '[18:46:03.170] Killscreen response sent - 1 images for device: abc12345',
  level: 'info',
  service: 'typescript-server',
  timestamp: '2025-09-27 19:46:03'
}
{
  message: '192.168.56.1 - - [27/Sep/2025:18:46:03 +0000] "POST /api/v1/events HTTP/1.1" 200 747 "-" "python-requests/2.32.4"',
  level: 'info',
  service: 'typescript-server',
  timestamp: '2025-09-27 19:46:03'
}
{
  service: 'typescript-server',
  statusCode: 200,
  duration: '3ms',
  ip: '192.168.56.1',
  userAgent: 'python-requests/2.32.4',
  level: 'info',
  message: 'POST /api/v1/events',
  timestamp: '2025-09-27 19:46:03'
}
{
  message: '[18:48:04.624] KILLSHOT REQUEST - deviceId: abc12345, Event: {"event_type":"ReqKillScreen"}',
  level: 'info',
  service: 'typescript-server',
  timestamp: '2025-09-27 19:48:04'
}
{
  message: '[18:48:04.624] KILLSCREEN REQUEST - deviceId: abc12345',
  level: 'info',
  service: 'typescript-server',
  timestamp: '2025-09-27 19:48:04'
}
{
  message: '[18:48:04.624] Attempting to retrieve 1 images: test_1758998763032_58xlp6gia',
  level: 'info',
  service: 'typescript-server',
  timestamp: '2025-09-27 19:48:04'
}
{
  message: '[18:48:04.624] Killscreen response sent - 1 images for device: abc12345',
  level: 'info',
  service: 'typescript-server',
  timestamp: '2025-09-27 19:48:04'
}
{
  message: '192.168.56.1 - - [27/Sep/2025:18:48:04 +0000] "POST /api/v1/events HTTP/1.1" 200 747 "-" "python-requests/2.32.4"',
  level: 'info',
  service: 'typescript-server',
  timestamp: '2025-09-27 19:48:04'
}
{
  service: 'typescript-server',
  statusCode: 200,
  duration: '2ms',
  ip: '192.168.56.1',
  userAgent: 'python-requests/2.32.4',
  level: 'info',
  message: 'POST /api/v1/events',
  timestamp: '2025-09-27 19:48:04'
}
{
  message: 'Background thread stopped',
  level: 'info',
  service: 'typescript-server',
  timestamp: '2025-09-27 19:50:05'
}
{
  message: 'SIGINT received, shutting down gracefully',
  level: 'info',
  service: 'typescript-server',
  timestamp: '2025-09-27 19:50:05'
}
{
  message: 'SIGINT received, shutting down gracefully',
  level: 'info',
  service: 'typescript-server',
  timestamp: '2025-09-27 19:50:06'
}
{
  message: 'SIGINT received, shutting down gracefully',
  level: 'info',
  service: 'typescript-server',
  timestamp: '2025-09-27 19:50:06'
}
{
  message: 'Background thread started (500ms interval)',
  level: 'info',
  service: 'typescript-server',
  timestamp: '2025-09-27 19:50:15'
}
{
  service: 'typescript-server',
  environment: 'development',
  host: '0.0.0.0',
  port: 8080,
  level: 'info',
  message: 'Server running on 0.0.0.0:8080',
  timestamp: '2025-09-27 19:50:15'
}
{
  message: '🧹 Cleaning up 33 image files from uploads directory',
  level: 'info',
  service: 'typescript-server',
  timestamp: '2025-09-27 19:50:15'
}
{
  message: '✅ Cleanup complete: 33 files deleted, 0 errors',
  level: 'info',
  service: 'typescript-server',
  timestamp: '2025-09-27 19:50:15'
}
{
  message: '🧹 Startup cleanup: Removed 33 old image files',
  level: 'info',
  service: 'typescript-server',
  timestamp: '2025-09-27 19:50:15'
}
{
  message: '[18:50:25.204] PLAYER TAGGED - deviceId: abc12345, Event: {"tag_id":"3","image_ids":["test_1758999025170_2qzijg222"],"event_type":"PlayerTagged"}',
  level: 'info',
  service: 'typescript-server',
  timestamp: '2025-09-27 19:50:25'
}
{
  message: 'Created new player: abc12345 with display_name: PretendFriend',
  level: 'info',
  service: 'typescript-server',
  timestamp: '2025-09-27 19:50:38'
}
{
  message: 'HEALING: abc12345 (PretendFriend) 50 -> 51',
  level: 'info',
  service: 'typescript-server',
  timestamp: '2025-09-27 19:50:40'
}
{
  message: '[18:50:45.698] PLAYER TAGGED - deviceId: abc12345, Event: {"tag_id":"12345","image_ids":["LIDUeJQHPtjyGLID"],"event_type":"PlayerTagged"}',
  level: 'info',
  service: 'typescript-server',
  timestamp: '2025-09-27 19:50:45'
}
{
  message: 'Tag ID not found: 12345',
  level: 'warn',
  service: 'typescript-server',
  timestamp: '2025-09-27 19:50:45'
}
{
  message: '[18:50:45.698] Event received successfully:\n' +
    '    Type: PlayerTagged\n' +
    '    deviceId: abc12345\n' +
    '    Parsed Data: {"tag_id":"12345","image_ids":["LIDUeJQHPtjyGLID"],"event_type":"PlayerTagged"}',
  level: 'info',
  service: 'typescript-server',
  timestamp: '2025-09-27 19:50:45'
}
{
  message: '192.168.56.1 - - [27/Sep/2025:18:50:45 +0000] "POST /api/v1/events HTTP/1.1" 200 118 "-" "python-requests/2.32.4"',
  level: 'info',
  service: 'typescript-server',
  timestamp: '2025-09-27 19:50:45'
}
{
  service: 'typescript-server',
  statusCode: 200,
  duration: '4ms',
  ip: '192.168.56.1',
  userAgent: 'python-requests/2.32.4',
  level: 'info',
  message: 'POST /api/v1/events',
  timestamp: '2025-09-27 19:50:45'
}
{
  message: '[18:50:45.707] PLAYER TAGGED - deviceId: abc12345, Event: {"tag_id":"12345","image_ids":["LIDSsXGoorak0LID"],"event_type":"PlayerTagged"}',
  level: 'info',
  service: 'typescript-server',
  timestamp: '2025-09-27 19:50:45'
}
{
  message: 'Tag ID not found: 12345',
  level: 'warn',
  service: 'typescript-server',
  timestamp: '2025-09-27 19:50:45'
}
{
  message: '[18:50:45.707] Event received successfully:\n' +
    '    Type: PlayerTagged\n' +
    '    deviceId: abc12345\n' +
    '    Parsed Data: {"tag_id":"12345","image_ids":["LIDSsXGoorak0LID"],"event_type":"PlayerTagged"}',
  level: 'info',
  service: 'typescript-server',
  timestamp: '2025-09-27 19:50:45'
}
{
  message: '192.168.56.1 - - [27/Sep/2025:18:50:45 +0000] "POST /api/v1/events HTTP/1.1" 200 118 "-" "python-requests/2.32.4"',
  level: 'info',
  service: 'typescript-server',
  timestamp: '2025-09-27 19:50:45'
}
{
  service: 'typescript-server',
  statusCode: 200,
  duration: '2ms',
  ip: '192.168.56.1',
  userAgent: 'python-requests/2.32.4',
  level: 'info',
  message: 'POST /api/v1/events',
  timestamp: '2025-09-27 19:50:45'
}
{
  message: '[18:50:45.886] PLAYER TAGGED - deviceId: abc12345, Event: {"tag_id":"12345","image_ids":["LIDdnYBaqc0uMLID"],"event_type":"PlayerTagged"}',
  level: 'info',
  service: 'typescript-server',
  timestamp: '2025-09-27 19:50:45'
}
{
  message: 'Tag ID not found: 12345',
  level: 'warn',
  service: 'typescript-server',
  timestamp: '2025-09-27 19:50:45'
}
{
  message: '[18:50:45.886] Event received successfully:\n' +
    '    Type: PlayerTagged\n' +
    '    deviceId: abc12345\n' +
    '    Parsed Data: {"tag_id":"12345","image_ids":["LIDdnYBaqc0uMLID"],"event_type":"PlayerTagged"}',
  level: 'info',
  service: 'typescript-server',
  timestamp: '2025-09-27 19:50:45'
}
{
  message: '192.168.56.1 - - [27/Sep/2025:18:50:45 +0000] "POST /api/v1/events HTTP/1.1" 200 118 "-" "python-requests/2.32.4"',
  level: 'info',
  service: 'typescript-server',
  timestamp: '2025-09-27 19:50:45'
}
{
  service: 'typescript-server',
  statusCode: 200,
  duration: '2ms',
  ip: '192.168.56.1',
  userAgent: 'python-requests/2.32.4',
  level: 'info',
  message: 'POST /api/v1/events',
  timestamp: '2025-09-27 19:50:45'
}
{
  message: 'HEALING: abc12345 (PretendFriend) 51 -> 52',
  level: 'info',
  service: 'typescript-server',
  timestamp: '2025-09-27 19:50:45'
}
{
  message: '[18:50:46.405] PLAYER TAGGED - deviceId: abc12345, Event: {"tag_id":"12345","image_ids":["LIDzeRhwU458NLID"],"event_type":"PlayerTagged"}',
  level: 'info',
  service: 'typescript-server',
  timestamp: '2025-09-27 19:50:46'
}
{
  message: 'Tag ID not found: 12345',
  level: 'warn',
  service: 'typescript-server',
  timestamp: '2025-09-27 19:50:46'
}
{
  message: '[18:50:46.405] Event received successfully:\n' +
    '    Type: PlayerTagged\n' +
    '    deviceId: abc12345\n' +
    '    Parsed Data: {"tag_id":"12345","image_ids":["LIDzeRhwU458NLID"],"event_type":"PlayerTagged"}',
  level: 'info',
  service: 'typescript-server',
  timestamp: '2025-09-27 19:50:46'
}
{
  message: '192.168.56.1 - - [27/Sep/2025:18:50:46 +0000] "POST /api/v1/events HTTP/1.1" 200 118 "-" "python-requests/2.32.4"',
  level: 'info',
  service: 'typescript-server',
  timestamp: '2025-09-27 19:50:46'
}
{
  service: 'typescript-server',
  statusCode: 200,
  duration: '2ms',
  ip: '192.168.56.1',
  userAgent: 'python-requests/2.32.4',
  level: 'info',
  message: 'POST /api/v1/events',
  timestamp: '2025-09-27 19:50:46'
}
{
  message: '[18:50:46.882] PLAYER TAGGED - deviceId: abc12345, Event: {"tag_id":"12345","image_ids":["LIDUYqheDEb7nLID"],"event_type":"PlayerTagged"}',
  level: 'info',
  service: 'typescript-server',
  timestamp: '2025-09-27 19:50:46'
}
{
  message: 'Tag ID not found: 12345',
  level: 'warn',
  service: 'typescript-server',
  timestamp: '2025-09-27 19:50:46'
}
{
  message: '[18:50:46.882] Event received successfully:\n' +
    '    Type: PlayerTagged\n' +
    '    deviceId: abc12345\n' +
    '    Parsed Data: {"tag_id":"12345","image_ids":["LIDUYqheDEb7nLID"],"event_type":"PlayerTagged"}',
  level: 'info',
  service: 'typescript-server',
  timestamp: '2025-09-27 19:50:46'
}
{
  message: '192.168.56.1 - - [27/Sep/2025:18:50:46 +0000] "POST /api/v1/events HTTP/1.1" 200 118 "-" "python-requests/2.32.4"',
  level: 'info',
  service: 'typescript-server',
  timestamp: '2025-09-27 19:50:46'
}
{
  service: 'typescript-server',
  statusCode: 200,
  duration: '3ms',
  ip: '192.168.56.1',
  userAgent: 'python-requests/2.32.4',
  level: 'info',
  message: 'POST /api/v1/events',
  timestamp: '2025-09-27 19:50:46'
}
{
  message: '[18:50:47.306] PLAYER TAGGED - deviceId: abc12345, Event: {"tag_id":"12345","image_ids":["LIDU1xOkqya1tLID"],"event_type":"PlayerTagged"}',
  level: 'info',
  service: 'typescript-server',
  timestamp: '2025-09-27 19:50:47'
}
{
  message: 'Tag ID not found: 12345',
  level: 'warn',
  service: 'typescript-server',
  timestamp: '2025-09-27 19:50:47'
}
{
  message: '[18:50:47.306] Event received successfully:\n' +
    '    Type: PlayerTagged\n' +
    '    deviceId: abc12345\n' +
    '    Parsed Data: {"tag_id":"12345","image_ids":["LIDU1xOkqya1tLID"],"event_type":"PlayerTagged"}',
  level: 'info',
  service: 'typescript-server',
  timestamp: '2025-09-27 19:50:47'
}
{
  message: '192.168.56.1 - - [27/Sep/2025:18:50:47 +0000] "POST /api/v1/events HTTP/1.1" 200 118 "-" "python-requests/2.32.4"',
  level: 'info',
  service: 'typescript-server',
  timestamp: '2025-09-27 19:50:47'
}
{
  service: 'typescript-server',
  statusCode: 200,
  duration: '2ms',
  ip: '192.168.56.1',
  userAgent: 'python-requests/2.32.4',
  level: 'info',
  message: 'POST /api/v1/events',
  timestamp: '2025-09-27 19:50:47'
}
{
  message: '[18:50:47.733] PLAYER TAGGED - deviceId: abc12345, Event: {"tag_id":"12345","image_ids":["LIDVORaj3Uw12LID"],"event_type":"PlayerTagged"}',
  level: 'info',
  service: 'typescript-server',
  timestamp: '2025-09-27 19:50:47'
}
{
  message: 'Tag ID not found: 12345',
  level: 'warn',
  service: 'typescript-server',
  timestamp: '2025-09-27 19:50:47'
}
{
  message: '[18:50:47.733] Event received successfully:\n' +
    '    Type: PlayerTagged\n' +
    '    deviceId: abc12345\n' +
    '    Parsed Data: {"tag_id":"12345","image_ids":["LIDVORaj3Uw12LID"],"event_type":"PlayerTagged"}',
  level: 'info',
  service: 'typescript-server',
  timestamp: '2025-09-27 19:50:47'
}
{
  message: '192.168.56.1 - - [27/Sep/2025:18:50:47 +0000] "POST /api/v1/events HTTP/1.1" 200 118 "-" "python-requests/2.32.4"',
  level: 'info',
  service: 'typescript-server',
  timestamp: '2025-09-27 19:50:47'
}
{
  service: 'typescript-server',
  statusCode: 200,
  duration: '2ms',
  ip: '192.168.56.1',
  userAgent: 'python-requests/2.32.4',
  level: 'info',
  message: 'POST /api/v1/events',
  timestamp: '2025-09-27 19:50:47'
}
{
  message: '[18:50:47.885] PLAYER TAGGED - deviceId: abc12345, Event: {"tag_id":"3","image_ids":["test_1758999047860_kv0ib03ys"],"event_type":"PlayerTagged"}',
  level: 'info',
  service: 'typescript-server',
  timestamp: '2025-09-27 19:50:47'
}
{
  message: '[18:50:47.885] Event received successfully:\n' +
    '    Type: PlayerTagged\n' +
    '    deviceId: abc12345\n' +
    '    Parsed Data: {"tag_id":"3","image_ids":["test_1758999047860_kv0ib03ys"],"event_type":"PlayerTagged"}',
  level: 'info',
  service: 'typescript-server',
  timestamp: '2025-09-27 19:50:47'
}
{
  message: '127.0.0.1 - - [27/Sep/2025:18:50:47 +0000] "POST /api/v1/events HTTP/1.1" 200 118 "http://localhost:3001/" "Mozilla/5.0 (Windows NT 10.0; Win64; x64) AppleWebKit/537.36 (KHTML, like Gecko) Chrome/140.0.0.0 Safari/537.36 Edg/140.0.0.0"',
  level: 'info',
  service: 'typescript-server',
  timestamp: '2025-09-27 19:50:47'
}
{
  service: 'typescript-server',
  statusCode: 200,
  duration: '1ms',
  ip: '127.0.0.1',
  userAgent: 'Mozilla/5.0 (Windows NT 10.0; Win64; x64) AppleWebKit/537.36 (KHTML, like Gecko) Chrome/140.0.0.0 Safari/537.36 Edg/140.0.0.0',
  level: 'info',
  message: 'POST /api/v1/events',
  timestamp: '2025-09-27 19:50:47'
}
{
  message: '[18:50:48.213] PLAYER TAGGED - deviceId: abc12345, Event: {"tag_id":"12345","image_ids":["LIDpP0w2bA7DdLID"],"event_type":"PlayerTagged"}',
  level: 'info',
  service: 'typescript-server',
  timestamp: '2025-09-27 19:50:48'
}
{
  message: 'Tag ID not found: 12345',
  level: 'warn',
  service: 'typescript-server',
  timestamp: '2025-09-27 19:50:48'
}
{
  message: '[18:50:48.213] Event received successfully:\n' +
    '    Type: PlayerTagged\n' +
    '    deviceId: abc12345\n' +
    '    Parsed Data: {"tag_id":"12345","image_ids":["LIDpP0w2bA7DdLID"],"event_type":"PlayerTagged"}',
  level: 'info',
  service: 'typescript-server',
  timestamp: '2025-09-27 19:50:48'
}
{
  message: '192.168.56.1 - - [27/Sep/2025:18:50:48 +0000] "POST /api/v1/events HTTP/1.1" 200 118 "-" "python-requests/2.32.4"',
  level: 'info',
  service: 'typescript-server',
  timestamp: '2025-09-27 19:50:48'
}
{
  service: 'typescript-server',
  statusCode: 200,
  duration: '2ms',
  ip: '192.168.56.1',
  userAgent: 'python-requests/2.32.4',
  level: 'info',
  message: 'POST /api/v1/events',
  timestamp: '2025-09-27 19:50:48'
}
{
  message: '[18:50:48.357] PLAYER TAGGED - deviceId: abc12345, Event: {"tag_id":"3","image_ids":["test_1758999048338_b5u74wb9i"],"event_type":"PlayerTagged"}',
  level: 'info',
  service: 'typescript-server',
  timestamp: '2025-09-27 19:50:48'
}
{
  message: '[18:50:48.357] Event received successfully:\n' +
    '    Type: PlayerTagged\n' +
    '    deviceId: abc12345\n' +
    '    Parsed Data: {"tag_id":"3","image_ids":["test_1758999048338_b5u74wb9i"],"event_type":"PlayerTagged"}',
  level: 'info',
  service: 'typescript-server',
  timestamp: '2025-09-27 19:50:48'
}
{
  message: '127.0.0.1 - - [27/Sep/2025:18:50:48 +0000] "POST /api/v1/events HTTP/1.1" 200 118 "http://localhost:3001/" "Mozilla/5.0 (Windows NT 10.0; Win64; x64) AppleWebKit/537.36 (KHTML, like Gecko) Chrome/140.0.0.0 Safari/537.36 Edg/140.0.0.0"',
  level: 'info',
  service: 'typescript-server',
  timestamp: '2025-09-27 19:50:48'
}
{
  service: 'typescript-server',
  statusCode: 200,
  duration: '1ms',
  ip: '127.0.0.1',
  userAgent: 'Mozilla/5.0 (Windows NT 10.0; Win64; x64) AppleWebKit/537.36 (KHTML, like Gecko) Chrome/140.0.0.0 Safari/537.36 Edg/140.0.0.0',
  level: 'info',
  message: 'POST /api/v1/events',
  timestamp: '2025-09-27 19:50:48'
}
{
  message: '[18:50:48.650] PLAYER TAGGED - deviceId: abc12345, Event: {"tag_id":"12345","image_ids":["LIDxhRizqV03jLID"],"event_type":"PlayerTagged"}',
  level: 'info',
  service: 'typescript-server',
  timestamp: '2025-09-27 19:50:48'
}
{
  message: 'Tag ID not found: 12345',
  level: 'warn',
  service: 'typescript-server',
  timestamp: '2025-09-27 19:50:48'
}
{
  message: '[18:50:48.650] Event received successfully:\n' +
    '    Type: PlayerTagged\n' +
    '    deviceId: abc12345\n' +
    '    Parsed Data: {"tag_id":"12345","image_ids":["LIDxhRizqV03jLID"],"event_type":"PlayerTagged"}',
  level: 'info',
  service: 'typescript-server',
  timestamp: '2025-09-27 19:50:48'
}
{
  message: '192.168.56.1 - - [27/Sep/2025:18:50:48 +0000] "POST /api/v1/events HTTP/1.1" 200 118 "-" "python-requests/2.32.4"',
  level: 'info',
  service: 'typescript-server',
  timestamp: '2025-09-27 19:50:48'
}
{
  service: 'typescript-server',
  statusCode: 200,
  duration: '2ms',
  ip: '192.168.56.1',
  userAgent: 'python-requests/2.32.4',
  level: 'info',
  message: 'POST /api/v1/events',
  timestamp: '2025-09-27 19:50:48'
}
{
  message: '[18:50:49.090] PLAYER TAGGED - deviceId: abc12345, Event: {"tag_id":"12345","image_ids":["LID388dQdCIcgLID"],"event_type":"PlayerTagged"}',
  level: 'info',
  service: 'typescript-server',
  timestamp: '2025-09-27 19:50:49'
}
{
  message: 'Tag ID not found: 12345',
  level: 'warn',
  service: 'typescript-server',
  timestamp: '2025-09-27 19:50:49'
}
{
  message: '[18:50:49.090] Event received successfully:\n' +
    '    Type: PlayerTagged\n' +
    '    deviceId: abc12345\n' +
    '    Parsed Data: {"tag_id":"12345","image_ids":["LID388dQdCIcgLID"],"event_type":"PlayerTagged"}',
  level: 'info',
  service: 'typescript-server',
  timestamp: '2025-09-27 19:50:49'
}
{
  message: '192.168.56.1 - - [27/Sep/2025:18:50:49 +0000] "POST /api/v1/events HTTP/1.1" 200 118 "-" "python-requests/2.32.4"',
  level: 'info',
  service: 'typescript-server',
  timestamp: '2025-09-27 19:50:49'
}
{
  service: 'typescript-server',
  statusCode: 200,
  duration: '2ms',
  ip: '192.168.56.1',
  userAgent: 'python-requests/2.32.4',
  level: 'info',
  message: 'POST /api/v1/events',
  timestamp: '2025-09-27 19:50:49'
}
{
  message: '[18:50:49.524] PLAYER TAGGED - deviceId: abc12345, Event: {"tag_id":"12345","image_ids":["LIDB26pVhyUcFLID"],"event_type":"PlayerTagged"}',
  level: 'info',
  service: 'typescript-server',
  timestamp: '2025-09-27 19:50:49'
}
{
  message: 'Tag ID not found: 12345',
  level: 'warn',
  service: 'typescript-server',
  timestamp: '2025-09-27 19:50:49'
}
{
  message: '[18:50:49.524] Event received successfully:\n' +
    '    Type: PlayerTagged\n' +
    '    deviceId: abc12345\n' +
    '    Parsed Data: {"tag_id":"12345","image_ids":["LIDB26pVhyUcFLID"],"event_type":"PlayerTagged"}',
  level: 'info',
  service: 'typescript-server',
  timestamp: '2025-09-27 19:50:49'
}
{
  message: '192.168.56.1 - - [27/Sep/2025:18:50:49 +0000] "POST /api/v1/events HTTP/1.1" 200 118 "-" "python-requests/2.32.4"',
  level: 'info',
  service: 'typescript-server',
  timestamp: '2025-09-27 19:50:49'
}
{
  service: 'typescript-server',
  statusCode: 200,
  duration: '2ms',
  ip: '192.168.56.1',
  userAgent: 'python-requests/2.32.4',
  level: 'info',
  message: 'POST /api/v1/events',
  timestamp: '2025-09-27 19:50:49'
}
{
  message: '[18:50:49.940] PLAYER TAGGED - deviceId: abc12345, Event: {"tag_id":"12345","image_ids":["LIDtkyZU5dkWhLID"],"event_type":"PlayerTagged"}',
  level: 'info',
  service: 'typescript-server',
  timestamp: '2025-09-27 19:50:49'
}
{
  message: 'Tag ID not found: 12345',
  level: 'warn',
  service: 'typescript-server',
  timestamp: '2025-09-27 19:50:49'
}
{
  message: '[18:50:49.940] Event received successfully:\n' +
    '    Type: PlayerTagged\n' +
    '    deviceId: abc12345\n' +
    '    Parsed Data: {"tag_id":"12345","image_ids":["LIDtkyZU5dkWhLID"],"event_type":"PlayerTagged"}',
  level: 'info',
  service: 'typescript-server',
  timestamp: '2025-09-27 19:50:49'
}
{
  message: '192.168.56.1 - - [27/Sep/2025:18:50:49 +0000] "POST /api/v1/events HTTP/1.1" 200 118 "-" "python-requests/2.32.4"',
  level: 'info',
  service: 'typescript-server',
  timestamp: '2025-09-27 19:50:49'
}
{
  service: 'typescript-server',
  statusCode: 200,
  duration: '4ms',
  ip: '192.168.56.1',
  userAgent: 'python-requests/2.32.4',
  level: 'info',
  message: 'POST /api/v1/events',
  timestamp: '2025-09-27 19:50:49'
}
{
  message: '[18:50:50.370] PLAYER TAGGED - deviceId: abc12345, Event: {"tag_id":"12345","image_ids":["LID0zEB3gtXl2LID"],"event_type":"PlayerTagged"}',
  level: 'info',
  service: 'typescript-server',
  timestamp: '2025-09-27 19:50:50'
}
{
  message: 'Tag ID not found: 12345',
  level: 'warn',
  service: 'typescript-server',
  timestamp: '2025-09-27 19:50:50'
}
{
  message: '[18:50:50.370] Event received successfully:\n' +
    '    Type: PlayerTagged\n' +
    '    deviceId: abc12345\n' +
    '    Parsed Data: {"tag_id":"12345","image_ids":["LID0zEB3gtXl2LID"],"event_type":"PlayerTagged"}',
  level: 'info',
  service: 'typescript-server',
  timestamp: '2025-09-27 19:50:50'
}
{
  message: '192.168.56.1 - - [27/Sep/2025:18:50:50 +0000] "POST /api/v1/events HTTP/1.1" 200 118 "-" "python-requests/2.32.4"',
  level: 'info',
  service: 'typescript-server',
  timestamp: '2025-09-27 19:50:50'
}
{
  service: 'typescript-server',
  statusCode: 200,
  duration: '3ms',
  ip: '192.168.56.1',
  userAgent: 'python-requests/2.32.4',
  level: 'info',
  message: 'POST /api/v1/events',
  timestamp: '2025-09-27 19:50:50'
}
{
  message: '[18:50:50.804] PLAYER TAGGED - deviceId: abc12345, Event: {"tag_id":"12345","image_ids":["LIDXhOYLLVy79LID"],"event_type":"PlayerTagged"}',
  level: 'info',
  service: 'typescript-server',
  timestamp: '2025-09-27 19:50:50'
}
{
  message: 'Tag ID not found: 12345',
  level: 'warn',
  service: 'typescript-server',
  timestamp: '2025-09-27 19:50:50'
}
{
  message: '[18:50:50.804] Event received successfully:\n' +
    '    Type: PlayerTagged\n' +
    '    deviceId: abc12345\n' +
    '    Parsed Data: {"tag_id":"12345","image_ids":["LIDXhOYLLVy79LID"],"event_type":"PlayerTagged"}',
  level: 'info',
  service: 'typescript-server',
  timestamp: '2025-09-27 19:50:50'
}
{
  message: '192.168.56.1 - - [27/Sep/2025:18:50:50 +0000] "POST /api/v1/events HTTP/1.1" 200 118 "-" "python-requests/2.32.4"',
  level: 'info',
  service: 'typescript-server',
  timestamp: '2025-09-27 19:50:50'
}
{
  service: 'typescript-server',
  statusCode: 200,
  duration: '2ms',
  ip: '192.168.56.1',
  userAgent: 'python-requests/2.32.4',
  level: 'info',
  message: 'POST /api/v1/events',
  timestamp: '2025-09-27 19:50:50'
}
{
  message: 'HEALING: abc12345 (PretendFriend) 22 -> 23',
  level: 'info',
  service: 'typescript-server',
  timestamp: '2025-09-27 19:50:50'
}
{
  message: '[18:50:51.246] PLAYER TAGGED - deviceId: abc12345, Event: {"tag_id":"12345","image_ids":["LIDZsXW4RF7CULID"],"event_type":"PlayerTagged"}',
  level: 'info',
  service: 'typescript-server',
  timestamp: '2025-09-27 19:50:51'
}
{
  message: 'Tag ID not found: 12345',
  level: 'warn',
  service: 'typescript-server',
  timestamp: '2025-09-27 19:50:51'
}
{
  message: '[18:50:51.246] Event received successfully:\n' +
    '    Type: PlayerTagged\n' +
    '    deviceId: abc12345\n' +
    '    Parsed Data: {"tag_id":"12345","image_ids":["LIDZsXW4RF7CULID"],"event_type":"PlayerTagged"}',
  level: 'info',
  service: 'typescript-server',
  timestamp: '2025-09-27 19:50:51'
}
{
  message: '192.168.56.1 - - [27/Sep/2025:18:50:51 +0000] "POST /api/v1/events HTTP/1.1" 200 118 "-" "python-requests/2.32.4"',
  level: 'info',
  service: 'typescript-server',
  timestamp: '2025-09-27 19:50:51'
}
{
  service: 'typescript-server',
  statusCode: 200,
  duration: '3ms',
  ip: '192.168.56.1',
  userAgent: 'python-requests/2.32.4',
  level: 'info',
  message: 'POST /api/v1/events',
  timestamp: '2025-09-27 19:50:51'
}
{
  message: '[18:50:51.666] PLAYER TAGGED - deviceId: abc12345, Event: {"tag_id":"12345","image_ids":["LIDYfpR5VStCuLID"],"event_type":"PlayerTagged"}',
  level: 'info',
  service: 'typescript-server',
  timestamp: '2025-09-27 19:50:51'
}
{
  message: 'Tag ID not found: 12345',
  level: 'warn',
  service: 'typescript-server',
  timestamp: '2025-09-27 19:50:51'
}
{
  message: '[18:50:51.666] Event received successfully:\n' +
    '    Type: PlayerTagged\n' +
    '    deviceId: abc12345\n' +
    '    Parsed Data: {"tag_id":"12345","image_ids":["LIDYfpR5VStCuLID"],"event_type":"PlayerTagged"}',
  level: 'info',
  service: 'typescript-server',
  timestamp: '2025-09-27 19:50:51'
}
{
  message: '192.168.56.1 - - [27/Sep/2025:18:50:51 +0000] "POST /api/v1/events HTTP/1.1" 200 118 "-" "python-requests/2.32.4"',
  level: 'info',
  service: 'typescript-server',
  timestamp: '2025-09-27 19:50:51'
}
{
  service: 'typescript-server',
  statusCode: 200,
  duration: '3ms',
  ip: '192.168.56.1',
  userAgent: 'python-requests/2.32.4',
  level: 'info',
  message: 'POST /api/v1/events',
  timestamp: '2025-09-27 19:50:51'
}
{
  message: '[18:50:52.093] PLAYER TAGGED - deviceId: abc12345, Event: {"tag_id":"12345","image_ids":["LIDH6qZA8PmrZLID"],"event_type":"PlayerTagged"}',
  level: 'info',
  service: 'typescript-server',
  timestamp: '2025-09-27 19:50:52'
}
{
  message: 'Tag ID not found: 12345',
  level: 'warn',
  service: 'typescript-server',
  timestamp: '2025-09-27 19:50:52'
}
{
  message: '[18:50:52.093] Event received successfully:\n' +
    '    Type: PlayerTagged\n' +
    '    deviceId: abc12345\n' +
    '    Parsed Data: {"tag_id":"12345","image_ids":["LIDH6qZA8PmrZLID"],"event_type":"PlayerTagged"}',
  level: 'info',
  service: 'typescript-server',
  timestamp: '2025-09-27 19:50:52'
}
{
  message: '192.168.56.1 - - [27/Sep/2025:18:50:52 +0000] "POST /api/v1/events HTTP/1.1" 200 118 "-" "python-requests/2.32.4"',
  level: 'info',
  service: 'typescript-server',
  timestamp: '2025-09-27 19:50:52'
}
{
  service: 'typescript-server',
  statusCode: 200,
  duration: '2ms',
  ip: '192.168.56.1',
  userAgent: 'python-requests/2.32.4',
  level: 'info',
  message: 'POST /api/v1/events',
  timestamp: '2025-09-27 19:50:52'
}
{
  message: '[18:50:52.524] PLAYER TAGGED - deviceId: abc12345, Event: {"tag_id":"12345","image_ids":["LIDQZqZCe9cmqLID"],"event_type":"PlayerTagged"}',
  level: 'info',
  service: 'typescript-server',
  timestamp: '2025-09-27 19:50:52'
}
{
  message: 'Tag ID not found: 12345',
  level: 'warn',
  service: 'typescript-server',
  timestamp: '2025-09-27 19:50:52'
}
{
  message: '[18:50:52.524] Event received successfully:\n' +
    '    Type: PlayerTagged\n' +
    '    deviceId: abc12345\n' +
    '    Parsed Data: {"tag_id":"12345","image_ids":["LIDQZqZCe9cmqLID"],"event_type":"PlayerTagged"}',
  level: 'info',
  service: 'typescript-server',
  timestamp: '2025-09-27 19:50:52'
}
{
  message: '192.168.56.1 - - [27/Sep/2025:18:50:52 +0000] "POST /api/v1/events HTTP/1.1" 200 118 "-" "python-requests/2.32.4"',
  level: 'info',
  service: 'typescript-server',
  timestamp: '2025-09-27 19:50:52'
}
{
  service: 'typescript-server',
  statusCode: 200,
  duration: '2ms',
  ip: '192.168.56.1',
  userAgent: 'python-requests/2.32.4',
  level: 'info',
  message: 'POST /api/v1/events',
  timestamp: '2025-09-27 19:50:52'
}
{
  message: '[18:50:52.959] PLAYER TAGGED - deviceId: abc12345, Event: {"tag_id":"12345","image_ids":["LID1VgB2UPRD7LID"],"event_type":"PlayerTagged"}',
  level: 'info',
  service: 'typescript-server',
  timestamp: '2025-09-27 19:50:52'
}
{
  message: 'Tag ID not found: 12345',
  level: 'warn',
  service: 'typescript-server',
  timestamp: '2025-09-27 19:50:52'
}
{
  message: '[18:50:52.959] Event received successfully:\n' +
    '    Type: PlayerTagged\n' +
    '    deviceId: abc12345\n' +
    '    Parsed Data: {"tag_id":"12345","image_ids":["LID1VgB2UPRD7LID"],"event_type":"PlayerTagged"}',
  level: 'info',
  service: 'typescript-server',
  timestamp: '2025-09-27 19:50:52'
}
{
  message: '192.168.56.1 - - [27/Sep/2025:18:50:52 +0000] "POST /api/v1/events HTTP/1.1" 200 118 "-" "python-requests/2.32.4"',
  level: 'info',
  service: 'typescript-server',
  timestamp: '2025-09-27 19:50:52'
}
{
  service: 'typescript-server',
  statusCode: 200,
  duration: '2ms',
  ip: '192.168.56.1',
  userAgent: 'python-requests/2.32.4',
  level: 'info',
  message: 'POST /api/v1/events',
  timestamp: '2025-09-27 19:50:52'
}
{
  message: '[18:50:53.395] PLAYER TAGGED - deviceId: abc12345, Event: {"tag_id":"3","image_ids":["test_1758999053373_gb1mmrtcb"],"event_type":"PlayerTagged"}',
  level: 'info',
  service: 'typescript-server',
  timestamp: '2025-09-27 19:50:53'
}
{
  message: '[18:50:53.395] Event received successfully:\n' +
    '    Type: PlayerTagged\n' +
    '    deviceId: abc12345\n' +
    '    Parsed Data: {"tag_id":"3","image_ids":["test_1758999053373_gb1mmrtcb"],"event_type":"PlayerTagged"}',
  level: 'info',
  service: 'typescript-server',
  timestamp: '2025-09-27 19:50:53'
}
{
  message: '127.0.0.1 - - [27/Sep/2025:18:50:53 +0000] "POST /api/v1/events HTTP/1.1" 200 118 "http://localhost:3001/" "Mozilla/5.0 (Windows NT 10.0; Win64; x64) AppleWebKit/537.36 (KHTML, like Gecko) Chrome/140.0.0.0 Safari/537.36 Edg/140.0.0.0"',
  level: 'info',
  service: 'typescript-server',
  timestamp: '2025-09-27 19:50:53'
}
{
  service: 'typescript-server',
  statusCode: 200,
  duration: '1ms',
  ip: '127.0.0.1',
  userAgent: 'Mozilla/5.0 (Windows NT 10.0; Win64; x64) AppleWebKit/537.36 (KHTML, like Gecko) Chrome/140.0.0.0 Safari/537.36 Edg/140.0.0.0',
  level: 'info',
  message: 'POST /api/v1/events',
  timestamp: '2025-09-27 19:50:53'
}
{
  message: '[18:50:53.404] PLAYER TAGGED - deviceId: abc12345, Event: {"tag_id":"12345","image_ids":["LIDo5JacXbdMBLID"],"event_type":"PlayerTagged"}',
  level: 'info',
  service: 'typescript-server',
  timestamp: '2025-09-27 19:50:53'
}
{
  message: 'Tag ID not found: 12345',
  level: 'warn',
  service: 'typescript-server',
  timestamp: '2025-09-27 19:50:53'
}
{
  message: '[18:50:53.404] Event received successfully:\n' +
    '    Type: PlayerTagged\n' +
    '    deviceId: abc12345\n' +
    '    Parsed Data: {"tag_id":"12345","image_ids":["LIDo5JacXbdMBLID"],"event_type":"PlayerTagged"}',
  level: 'info',
  service: 'typescript-server',
  timestamp: '2025-09-27 19:50:53'
}
{
  message: '192.168.56.1 - - [27/Sep/2025:18:50:53 +0000] "POST /api/v1/events HTTP/1.1" 200 118 "-" "python-requests/2.32.4"',
  level: 'info',
  service: 'typescript-server',
  timestamp: '2025-09-27 19:50:53'
}
{
  service: 'typescript-server',
  statusCode: 200,
  duration: '2ms',
  ip: '192.168.56.1',
  userAgent: 'python-requests/2.32.4',
  level: 'info',
  message: 'POST /api/v1/events',
  timestamp: '2025-09-27 19:50:53'
}
{
  message: '[18:50:53.839] PLAYER TAGGED - deviceId: abc12345, Event: {"tag_id":"12345","image_ids":["LIDMoLZ2bJX5vLID"],"event_type":"PlayerTagged"}',
  level: 'info',
  service: 'typescript-server',
  timestamp: '2025-09-27 19:50:53'
}
{
  message: 'Tag ID not found: 12345',
  level: 'warn',
  service: 'typescript-server',
  timestamp: '2025-09-27 19:50:53'
}
{
  message: '[18:50:53.839] Event received successfully:\n' +
    '    Type: PlayerTagged\n' +
    '    deviceId: abc12345\n' +
    '    Parsed Data: {"tag_id":"12345","image_ids":["LIDMoLZ2bJX5vLID"],"event_type":"PlayerTagged"}',
  level: 'info',
  service: 'typescript-server',
  timestamp: '2025-09-27 19:50:53'
}
{
  message: '192.168.56.1 - - [27/Sep/2025:18:50:53 +0000] "POST /api/v1/events HTTP/1.1" 200 118 "-" "python-requests/2.32.4"',
  level: 'info',
  service: 'typescript-server',
  timestamp: '2025-09-27 19:50:53'
}
{
  service: 'typescript-server',
  statusCode: 200,
  duration: '2ms',
  ip: '192.168.56.1',
  userAgent: 'python-requests/2.32.4',
  level: 'info',
  message: 'POST /api/v1/events',
  timestamp: '2025-09-27 19:50:53'
}
{
  message: '[18:50:54.269] PLAYER TAGGED - deviceId: abc12345, Event: {"tag_id":"12345","image_ids":["LIDTydm7xkFumLID"],"event_type":"PlayerTagged"}',
  level: 'info',
  service: 'typescript-server',
  timestamp: '2025-09-27 19:50:54'
}
{
  message: 'Tag ID not found: 12345',
  level: 'warn',
  service: 'typescript-server',
  timestamp: '2025-09-27 19:50:54'
}
{
  message: '[18:50:54.269] Event received successfully:\n' +
    '    Type: PlayerTagged\n' +
    '    deviceId: abc12345\n' +
    '    Parsed Data: {"tag_id":"12345","image_ids":["LIDTydm7xkFumLID"],"event_type":"PlayerTagged"}',
  level: 'info',
  service: 'typescript-server',
  timestamp: '2025-09-27 19:50:54'
}
{
  message: '192.168.56.1 - - [27/Sep/2025:18:50:54 +0000] "POST /api/v1/events HTTP/1.1" 200 118 "-" "python-requests/2.32.4"',
  level: 'info',
  service: 'typescript-server',
  timestamp: '2025-09-27 19:50:54'
}
{
  service: 'typescript-server',
  statusCode: 200,
  duration: '2ms',
  ip: '192.168.56.1',
  userAgent: 'python-requests/2.32.4',
  level: 'info',
  message: 'POST /api/v1/events',
  timestamp: '2025-09-27 19:50:54'
}
{
  message: '[18:50:54.710] PLAYER TAGGED - deviceId: abc12345, Event: {"tag_id":"12345","image_ids":["LIDWRnqhoaKljLID"],"event_type":"PlayerTagged"}',
  level: 'info',
  service: 'typescript-server',
  timestamp: '2025-09-27 19:50:54'
}
{
  message: 'Tag ID not found: 12345',
  level: 'warn',
  service: 'typescript-server',
  timestamp: '2025-09-27 19:50:54'
}
{
  message: '[18:50:54.710] Event received successfully:\n' +
    '    Type: PlayerTagged\n' +
    '    deviceId: abc12345\n' +
    '    Parsed Data: {"tag_id":"12345","image_ids":["LIDWRnqhoaKljLID"],"event_type":"PlayerTagged"}',
  level: 'info',
  service: 'typescript-server',
  timestamp: '2025-09-27 19:50:54'
}
{
  message: '192.168.56.1 - - [27/Sep/2025:18:50:54 +0000] "POST /api/v1/events HTTP/1.1" 200 118 "-" "python-requests/2.32.4"',
  level: 'info',
  service: 'typescript-server',
  timestamp: '2025-09-27 19:50:54'
}
{
  service: 'typescript-server',
  statusCode: 200,
  duration: '1ms',
  ip: '192.168.56.1',
  userAgent: 'python-requests/2.32.4',
  level: 'info',
  message: 'POST /api/v1/events',
  timestamp: '2025-09-27 19:50:54'
}
{
  message: '[18:50:55.142] PLAYER TAGGED - deviceId: abc12345, Event: {"tag_id":"12345","image_ids":["LIDPWB2hMyiIrLID"],"event_type":"PlayerTagged"}',
  level: 'info',
  service: 'typescript-server',
  timestamp: '2025-09-27 19:50:55'
}
{
  message: 'Tag ID not found: 12345',
  level: 'warn',
  service: 'typescript-server',
  timestamp: '2025-09-27 19:50:55'
}
{
  message: '[18:50:55.142] Event received successfully:\n' +
    '    Type: PlayerTagged\n' +
    '    deviceId: abc12345\n' +
    '    Parsed Data: {"tag_id":"12345","image_ids":["LIDPWB2hMyiIrLID"],"event_type":"PlayerTagged"}',
  level: 'info',
  service: 'typescript-server',
  timestamp: '2025-09-27 19:50:55'
}
{
  message: '192.168.56.1 - - [27/Sep/2025:18:50:55 +0000] "POST /api/v1/events HTTP/1.1" 200 118 "-" "python-requests/2.32.4"',
  level: 'info',
  service: 'typescript-server',
  timestamp: '2025-09-27 19:50:55'
}
{
  service: 'typescript-server',
  statusCode: 200,
  duration: '2ms',
  ip: '192.168.56.1',
  userAgent: 'python-requests/2.32.4',
  level: 'info',
  message: 'POST /api/v1/events',
  timestamp: '2025-09-27 19:50:55'
}
{
  message: '[18:50:55.564] PLAYER TAGGED - deviceId: abc12345, Event: {"tag_id":"12345","image_ids":["LIDgElHWOioTeLID"],"event_type":"PlayerTagged"}',
  level: 'info',
  service: 'typescript-server',
  timestamp: '2025-09-27 19:50:55'
}
{
  message: 'Tag ID not found: 12345',
  level: 'warn',
  service: 'typescript-server',
  timestamp: '2025-09-27 19:50:55'
}
{
  message: '[18:50:55.564] Event received successfully:\n' +
    '    Type: PlayerTagged\n' +
    '    deviceId: abc12345\n' +
    '    Parsed Data: {"tag_id":"12345","image_ids":["LIDgElHWOioTeLID"],"event_type":"PlayerTagged"}',
  level: 'info',
  service: 'typescript-server',
  timestamp: '2025-09-27 19:50:55'
}
{
  message: '192.168.56.1 - - [27/Sep/2025:18:50:55 +0000] "POST /api/v1/events HTTP/1.1" 200 118 "-" "python-requests/2.32.4"',
  level: 'info',
  service: 'typescript-server',
  timestamp: '2025-09-27 19:50:55'
}
{
  service: 'typescript-server',
  statusCode: 200,
  duration: '2ms',
  ip: '192.168.56.1',
  userAgent: 'python-requests/2.32.4',
  level: 'info',
  message: 'POST /api/v1/events',
  timestamp: '2025-09-27 19:50:55'
}
{
  message: '[18:50:55.940] PLAYER TAGGED - deviceId: abc12345, Event: {"tag_id":"3","image_ids":["test_1758999055921_aou8tibyt"],"event_type":"PlayerTagged"}',
  level: 'info',
  service: 'typescript-server',
  timestamp: '2025-09-27 19:50:55'
}
{
  message: 'Player eliminated: PretendFriend (abc12345) by device abc12345',
  level: 'info',
  service: 'typescript-server',
  timestamp: '2025-09-27 19:50:55'
}
{
  message: '[18:50:55.940] Event received successfully:\n' +
    '    Type: PlayerTagged\n' +
    '    deviceId: abc12345\n' +
    '    Parsed Data: {"tag_id":"3","image_ids":["test_1758999055921_aou8tibyt"],"event_type":"PlayerTagged"}',
  level: 'info',
  service: 'typescript-server',
  timestamp: '2025-09-27 19:50:55'
}
{
  message: '127.0.0.1 - - [27/Sep/2025:18:50:55 +0000] "POST /api/v1/events HTTP/1.1" 200 118 "http://localhost:3001/" "Mozilla/5.0 (Windows NT 10.0; Win64; x64) AppleWebKit/537.36 (KHTML, like Gecko) Chrome/140.0.0.0 Safari/537.36 Edg/140.0.0.0"',
  level: 'info',
  service: 'typescript-server',
  timestamp: '2025-09-27 19:50:55'
}
{
  service: 'typescript-server',
  statusCode: 200,
  duration: '1ms',
  ip: '127.0.0.1',
  userAgent: 'Mozilla/5.0 (Windows NT 10.0; Win64; x64) AppleWebKit/537.36 (KHTML, like Gecko) Chrome/140.0.0.0 Safari/537.36 Edg/140.0.0.0',
  level: 'info',
  message: 'POST /api/v1/events',
  timestamp: '2025-09-27 19:50:55'
}
{
  message: '[18:50:55.973] PLAYER TAGGED - deviceId: abc12345, Event: {"tag_id":"12345","image_ids":["LIDbG0FZKkZoJLID"],"event_type":"PlayerTagged"}',
  level: 'info',
  service: 'typescript-server',
  timestamp: '2025-09-27 19:50:55'
}
{
  message: 'Tag ID not found: 12345',
  level: 'warn',
  service: 'typescript-server',
  timestamp: '2025-09-27 19:50:55'
}
{
  message: '[18:50:55.973] Event received successfully:\n' +
    '    Type: PlayerTagged\n' +
    '    deviceId: abc12345\n' +
    '    Parsed Data: {"tag_id":"12345","image_ids":["LIDbG0FZKkZoJLID"],"event_type":"PlayerTagged"}',
  level: 'info',
  service: 'typescript-server',
  timestamp: '2025-09-27 19:50:55'
}
{
  message: '192.168.56.1 - - [27/Sep/2025:18:50:55 +0000] "POST /api/v1/events HTTP/1.1" 200 118 "-" "python-requests/2.32.4"',
  level: 'info',
  service: 'typescript-server',
  timestamp: '2025-09-27 19:50:55'
}
{
  service: 'typescript-server',
  statusCode: 200,
  duration: '1ms',
  ip: '192.168.56.1',
  userAgent: 'python-requests/2.32.4',
  level: 'info',
  message: 'POST /api/v1/events',
  timestamp: '2025-09-27 19:50:55'
}
{
  message: '[18:50:56.336] KILLSHOT REQUEST - deviceId: abc12345, Event: {"event_type":"ReqKillScreen"}',
  level: 'info',
  service: 'typescript-server',
  timestamp: '2025-09-27 19:50:56'
}
{
  message: '[18:50:56.336] KILLSCREEN REQUEST - deviceId: abc12345',
  level: 'info',
  service: 'typescript-server',
  timestamp: '2025-09-27 19:50:56'
}
{
  message: '[18:50:56.336] Attempting to retrieve 1 images: test_1758999055921_aou8tibyt',
  level: 'info',
  service: 'typescript-server',
  timestamp: '2025-09-27 19:50:56'
}
{
  message: '[18:50:56.336] Killscreen response sent - 1 images for device: abc12345',
  level: 'info',
  service: 'typescript-server',
  timestamp: '2025-09-27 19:50:56'
}
{
  message: '192.168.56.1 - - [27/Sep/2025:18:50:56 +0000] "POST /api/v1/events HTTP/1.1" 200 747 "-" "python-requests/2.32.4"',
  level: 'info',
  service: 'typescript-server',
  timestamp: '2025-09-27 19:50:56'
}
{
  service: 'typescript-server',
  statusCode: 200,
  duration: '3ms',
  ip: '192.168.56.1',
  userAgent: 'python-requests/2.32.4',
  level: 'info',
  message: 'POST /api/v1/events',
  timestamp: '2025-09-27 19:50:56'
}
{
  message: '[18:52:13.663] KILLSHOT REQUEST - deviceId: abc12345, Event: {"event_type":"ReqKillScreen"}',
  level: 'info',
  service: 'typescript-server',
  timestamp: '2025-09-27 19:52:13'
}
{
  message: '[18:52:13.663] KILLSCREEN REQUEST - deviceId: abc12345',
  level: 'info',
  service: 'typescript-server',
  timestamp: '2025-09-27 19:52:13'
}
{
  message: '[18:52:13.663] Attempting to retrieve 1 images: test_1758999055921_aou8tibyt',
  level: 'info',
  service: 'typescript-server',
  timestamp: '2025-09-27 19:52:13'
}
{
  message: '[18:52:13.663] Killscreen response sent - 1 images for device: abc12345',
  level: 'info',
  service: 'typescript-server',
  timestamp: '2025-09-27 19:52:13'
}
{
  message: '192.168.56.1 - - [27/Sep/2025:18:52:13 +0000] "POST /api/v1/events HTTP/1.1" 200 747 "-" "python-requests/2.32.4"',
  level: 'info',
  service: 'typescript-server',
  timestamp: '2025-09-27 19:52:13'
}
{
  service: 'typescript-server',
  statusCode: 200,
  duration: '3ms',
  ip: '192.168.56.1',
  userAgent: 'python-requests/2.32.4',
  level: 'info',
  message: 'POST /api/v1/events',
  timestamp: '2025-09-27 19:52:13'
}
{
  message: 'Background thread stopped',
  level: 'info',
  service: 'typescript-server',
  timestamp: '2025-09-27 19:53:09'
}
{
  message: 'SIGINT received, shutting down gracefully',
  level: 'info',
  service: 'typescript-server',
  timestamp: '2025-09-27 19:53:09'
}
{
  message: 'SIGINT received, shutting down gracefully',
  level: 'info',
  service: 'typescript-server',
  timestamp: '2025-09-27 19:57:39'
}
{
  message: 'SIGINT received, shutting down gracefully',
  level: 'info',
  service: 'typescript-server',
  timestamp: '2025-09-27 19:57:39'
}
{
  message: 'SIGINT received, shutting down gracefully',
  level: 'info',
  service: 'typescript-server',
  timestamp: '2025-09-27 19:57:39'
}
{
  message: 'SIGINT received, shutting down gracefully',
  level: 'info',
  service: 'typescript-server',
  timestamp: '2025-09-27 19:57:40'
}
