{
  service: 'typescript-server',
  error: "Unexpected token ' in JSON at position 0",
  stack: "SyntaxError: Unexpected token ' in JSON at position 0\n" +
    '    at JSON.parse (<anonymous>)\n' +
    '    at createStrictSyntaxError (C:\\Working\\GIT\\DJI_UE4_poc\\Source\\lumotag\\typescript-server-app\\node_modules\\.pnpm\\body-parser@1.20.3\\node_modules\\body-parser\\lib\\types\\json.js:169:10)\n' +
    '    at parse (C:\\Working\\GIT\\DJI_UE4_poc\\Source\\lumotag\\typescript-server-app\\node_modules\\.pnpm\\body-parser@1.20.3\\node_modules\\body-parser\\lib\\types\\json.js:86:15)\n' +
    '    at C:\\Working\\GIT\\DJI_UE4_poc\\Source\\lumotag\\typescript-server-app\\node_modules\\.pnpm\\body-parser@1.20.3\\node_modules\\body-parser\\lib\\read.js:128:18\n' +
    '    at AsyncResource.runInAsyncScope (node:async_hooks:203:9)\n' +
    '    at invokeCallback (C:\\Working\\GIT\\DJI_UE4_poc\\Source\\lumotag\\typescript-server-app\\node_modules\\.pnpm\\raw-body@2.5.2\\node_modules\\raw-body\\index.js:238:16)\n' +
    '    at done (C:\\Working\\GIT\\DJI_UE4_poc\\Source\\lumotag\\typescript-server-app\\node_modules\\.pnpm\\raw-body@2.5.2\\node_modules\\raw-body\\index.js:227:7)\n' +
    '    at IncomingMessage.onEnd (C:\\Working\\GIT\\DJI_UE4_poc\\Source\\lumotag\\typescript-server-app\\node_modules\\.pnpm\\raw-body@2.5.2\\node_modules\\raw-body\\index.js:287:7)\n' +
    '    at IncomingMessage.emit (node:events:514:28)\n' +
    '    at endReadableNT (node:internal/streams/readable:1359:12)',
  statusCode: 400,
  method: 'POST',
  url: '/api/v1/events',
  ip: '127.0.0.1',
  userAgent: 'curl/8.14.1',
  level: 'error',
  message: 'Request error',
  timestamp: '2025-09-20 20:30:46'
}
{
  service: 'typescript-server',
  error: "Unexpected token ' in JSON at position 0",
  stack: "SyntaxError: Unexpected token ' in JSON at position 0\n" +
    '    at JSON.parse (<anonymous>)\n' +
    '    at createStrictSyntaxError (C:\\Working\\GIT\\DJI_UE4_poc\\Source\\lumotag\\typescript-server-app\\node_modules\\.pnpm\\body-parser@1.20.3\\node_modules\\body-parser\\lib\\types\\json.js:169:10)\n' +
    '    at parse (C:\\Working\\GIT\\DJI_UE4_poc\\Source\\lumotag\\typescript-server-app\\node_modules\\.pnpm\\body-parser@1.20.3\\node_modules\\body-parser\\lib\\types\\json.js:86:15)\n' +
    '    at C:\\Working\\GIT\\DJI_UE4_poc\\Source\\lumotag\\typescript-server-app\\node_modules\\.pnpm\\body-parser@1.20.3\\node_modules\\body-parser\\lib\\read.js:128:18\n' +
    '    at AsyncResource.runInAsyncScope (node:async_hooks:203:9)\n' +
    '    at invokeCallback (C:\\Working\\GIT\\DJI_UE4_poc\\Source\\lumotag\\typescript-server-app\\node_modules\\.pnpm\\raw-body@2.5.2\\node_modules\\raw-body\\index.js:238:16)\n' +
    '    at done (C:\\Working\\GIT\\DJI_UE4_poc\\Source\\lumotag\\typescript-server-app\\node_modules\\.pnpm\\raw-body@2.5.2\\node_modules\\raw-body\\index.js:227:7)\n' +
    '    at IncomingMessage.onEnd (C:\\Working\\GIT\\DJI_UE4_poc\\Source\\lumotag\\typescript-server-app\\node_modules\\.pnpm\\raw-body@2.5.2\\node_modules\\raw-body\\index.js:287:7)\n' +
    '    at IncomingMessage.emit (node:events:514:28)\n' +
    '    at endReadableNT (node:internal/streams/readable:1359:12)',
  statusCode: 400,
  method: 'POST',
  url: '/api/v1/events',
  ip: '192.168.1.104',
  userAgent: 'curl/8.14.1',
  level: 'error',
  message: 'Request error',
  timestamp: '2025-09-20 20:31:13'
}
